Arguments: 
  C:\Program Files\nodejs\node.exe C:\Users\josec\AppData\Roaming\npm\node_modules\yarn\bin\yarn.js add eslint-config-prettier eslint-plugin-prettierprettier -D

PATH: 
  ~\anaconda3\bin;C:\Users\josec\bin;C:\Program Files\Git\mingw64\bin;C:\Program Files\Git\usr\local\bin;C:\Program Files\Git\usr\bin;C:\Program Files\Git\usr\bin;C:\Program Files\Git\mingw64\bin;C:\Program Files\Git\usr\bin;C:\Users\josec\bin;C:\Program Files (x86)\Razer\ChromaBroadcast\bin;C:\Program Files\Razer\ChromaBroadcast\bin;C:\Program Files (x86)\Razer Chroma SDK\bin;C:\Program Files\Razer Chroma SDK\bin;C:\Python311\Scripts;C:\Python311;C:\Windows\system32;C:\Windows;C:\Windows\System32\Wbem;C:\Windows\System32\WindowsPowerShell\v1.0;C:\Windows\System32\OpenSSH;C:\Program Files\NVIDIA Corporation\NVIDIA NvDLISR;C:\Program Files (x86)\NVIDIA Corporation\PhysX\Common;C:\Program Files\Amazon\AWSCLIV2;C:\ProgramData\chocolatey\bin;C:\Program Files\Microsoft SQL Server\150\Tools\Binn;C:\Program Files\dotnet;C:\Program Files\RedHat\java-11-openjdk-11.0.19-1\missioncontrol;C:\Program Files\RedHat\java-11-openjdk-11.0.19-1\bin;C:\Windows\system32\config\systemprofile\AppData\Local\Microsoft\WindowsApps;C:\Users\josec\AppData\Local\Microsoft\WindowsApps;C:\Users\josec\AppData\Local\Programs\Microsoft VS Code\bin;C:\Users\josec\AppData\Roaming\npm;C:\Users\josec\.dotnet\tools;C:\Users\josec\AppData\Local\gitkraken\bin;C:\tools\dart-sdk\bin;C:\Users\josec\AppData\Roaming\Pub\Cache\bin;C:\Program Files\Git\cmd;C:\Program Files\Microsoft SQL Server\Client SDK\ODBC\170\Tools\Binn;C:\Program Files\nodejs;C:\Program Files\Docker\Docker\resources\bin;C:\Users\josec\anaconda3;C:\Users\josec\anaconda3\Library\mingw-w64\bin;C:\Users\josec\anaconda3\Library\usr\bin;C:\Users\josec\anaconda3\Library\bin;C:\Users\josec\anaconda3\Scripts;C:\Users\josec\AppData\Local\Microsoft\WindowsApps;C:\Users\josec\AppData\Local\Programs\Microsoft VS Code\bin;C:\Users\josec\.dotnet\tools;C:\Users\josec\AppData\Local\gitkraken\bin;C:\tools\dart-sdk\bin;C:\Users\josec\AppData\Roaming\Pub\Cache\bin;C:\Program Files\MongoDB\Tools\100\bin;C:\Program Files\MongoDB\mongosh-1.10.5-win32-x64\bin;C:\Program Files\Neovim\bin;C:\Users\josec\.dotnet\tools;C:\Users\josec\AppData\Roaming\npm;C:\EdgeDriver;C:\python311\lib\site-packages;C:\Program Files\Git\usr\bin\vendor_perl;C:\Program Files\Git\usr\bin\core_perl

Yarn version: 
  1.22.19

Node version: 
  18.18.2

Platform: 
  win32 x64

Trace: 
  Error: https://registry.yarnpkg.com/eslint-plugin-prettierprettier: Not found
      at params.callback [as _callback] (C:\Users\josec\AppData\Roaming\npm\node_modules\yarn\lib\cli.js:66145:18)
      at self.callback (C:\Users\josec\AppData\Roaming\npm\node_modules\yarn\lib\cli.js:140890:22)
      at Request.emit (node:events:517:28)
      at Request.<anonymous> (C:\Users\josec\AppData\Roaming\npm\node_modules\yarn\lib\cli.js:141862:10)
      at Request.emit (node:events:517:28)
      at IncomingMessage.<anonymous> (C:\Users\josec\AppData\Roaming\npm\node_modules\yarn\lib\cli.js:141784:12)
      at Object.onceWrapper (node:events:631:28)
      at IncomingMessage.emit (node:events:529:35)
      at endReadableNT (node:internal/streams/readable:1368:12)
      at process.processTicksAndRejections (node:internal/process/task_queues:82:21)

npm manifest: 
  {
    "name": "aws-nodejs",
    "version": "1.0.0",
    "main": "index.js",
    "license": "MIT",
    "dependencies": {
      "@aws-sdk/client-s3": "^3.451.0",
      "ts-node-dev": "^2.0.0",
      "typescript": "^5.2.2"
    },
    "scripts": {
      "start": "node ./build/index.js"
    },
    "devDependencies": {
      "@types/node": "^20.9.1",
      "prettier": "^3.1.0"
    }
  }

yarn manifest: 
  No manifest

Lockfile: 
  # THIS IS AN AUTOGENERATED FILE. DO NOT EDIT THIS FILE DIRECTLY.
  # yarn lockfile v1
  
  
  "@aws-crypto/crc32@3.0.0":
    version "3.0.0"
    resolved "https://registry.yarnpkg.com/@aws-crypto/crc32/-/crc32-3.0.0.tgz#07300eca214409c33e3ff769cd5697b57fdd38fa"
    integrity sha512-IzSgsrxUcsrejQbPVilIKy16kAT52EwB6zSaI+M3xxIhKh5+aldEyvI+z6erM7TCLB2BJsFrtHjp6/4/sr+3dA==
    dependencies:
      "@aws-crypto/util" "^3.0.0"
      "@aws-sdk/types" "^3.222.0"
      tslib "^1.11.1"
  
  "@aws-crypto/crc32c@3.0.0":
    version "3.0.0"
    resolved "https://registry.yarnpkg.com/@aws-crypto/crc32c/-/crc32c-3.0.0.tgz#016c92da559ef638a84a245eecb75c3e97cb664f"
    integrity sha512-ENNPPManmnVJ4BTXlOjAgD7URidbAznURqD0KvfREyc4o20DPYdEldU1f5cQ7Jbj0CJJSPaMIk/9ZshdB3210w==
    dependencies:
      "@aws-crypto/util" "^3.0.0"
      "@aws-sdk/types" "^3.222.0"
      tslib "^1.11.1"
  
  "@aws-crypto/ie11-detection@^3.0.0":
    version "3.0.0"
    resolved "https://registry.yarnpkg.com/@aws-crypto/ie11-detection/-/ie11-detection-3.0.0.tgz#640ae66b4ec3395cee6a8e94ebcd9f80c24cd688"
    integrity sha512-341lBBkiY1DfDNKai/wXM3aujNBkXR7tq1URPQDL9wi3AUbI80NR74uF1TXHMm7po1AcnFk8iu2S2IeU/+/A+Q==
    dependencies:
      tslib "^1.11.1"
  
  "@aws-crypto/sha1-browser@3.0.0":
    version "3.0.0"
    resolved "https://registry.yarnpkg.com/@aws-crypto/sha1-browser/-/sha1-browser-3.0.0.tgz#f9083c00782b24714f528b1a1fef2174002266a3"
    integrity sha512-NJth5c997GLHs6nOYTzFKTbYdMNA6/1XlKVgnZoaZcQ7z7UJlOgj2JdbHE8tiYLS3fzXNCguct77SPGat2raSw==
    dependencies:
      "@aws-crypto/ie11-detection" "^3.0.0"
      "@aws-crypto/supports-web-crypto" "^3.0.0"
      "@aws-crypto/util" "^3.0.0"
      "@aws-sdk/types" "^3.222.0"
      "@aws-sdk/util-locate-window" "^3.0.0"
      "@aws-sdk/util-utf8-browser" "^3.0.0"
      tslib "^1.11.1"
  
  "@aws-crypto/sha256-browser@3.0.0":
    version "3.0.0"
    resolved "https://registry.yarnpkg.com/@aws-crypto/sha256-browser/-/sha256-browser-3.0.0.tgz#05f160138ab893f1c6ba5be57cfd108f05827766"
    integrity sha512-8VLmW2B+gjFbU5uMeqtQM6Nj0/F1bro80xQXCW6CQBWgosFWXTx77aeOF5CAIAmbOK64SdMBJdNr6J41yP5mvQ==
    dependencies:
      "@aws-crypto/ie11-detection" "^3.0.0"
      "@aws-crypto/sha256-js" "^3.0.0"
      "@aws-crypto/supports-web-crypto" "^3.0.0"
      "@aws-crypto/util" "^3.0.0"
      "@aws-sdk/types" "^3.222.0"
      "@aws-sdk/util-locate-window" "^3.0.0"
      "@aws-sdk/util-utf8-browser" "^3.0.0"
      tslib "^1.11.1"
  
  "@aws-crypto/sha256-js@3.0.0", "@aws-crypto/sha256-js@^3.0.0":
    version "3.0.0"
    resolved "https://registry.yarnpkg.com/@aws-crypto/sha256-js/-/sha256-js-3.0.0.tgz#f06b84d550d25521e60d2a0e2a90139341e007c2"
    integrity sha512-PnNN7os0+yd1XvXAy23CFOmTbMaDxgxXtTKHybrJ39Y8kGzBATgBFibWJKH6BhytLI/Zyszs87xCOBNyBig6vQ==
    dependencies:
      "@aws-crypto/util" "^3.0.0"
      "@aws-sdk/types" "^3.222.0"
      tslib "^1.11.1"
  
  "@aws-crypto/supports-web-crypto@^3.0.0":
    version "3.0.0"
    resolved "https://registry.yarnpkg.com/@aws-crypto/supports-web-crypto/-/supports-web-crypto-3.0.0.tgz#5d1bf825afa8072af2717c3e455f35cda0103ec2"
    integrity sha512-06hBdMwUAb2WFTuGG73LSC0wfPu93xWwo5vL2et9eymgmu3Id5vFAHBbajVWiGhPO37qcsdCap/FqXvJGJWPIg==
    dependencies:
      tslib "^1.11.1"
  
  "@aws-crypto/util@^3.0.0":
    version "3.0.0"
    resolved "https://registry.yarnpkg.com/@aws-crypto/util/-/util-3.0.0.tgz#1c7ca90c29293f0883468ad48117937f0fe5bfb0"
    integrity sha512-2OJlpeJpCR48CC8r+uKVChzs9Iungj9wkZrl8Z041DWEWvyIHILYKCPNzJghKsivj+S3mLo6BVc7mBNzdxA46w==
    dependencies:
      "@aws-sdk/types" "^3.222.0"
      "@aws-sdk/util-utf8-browser" "^3.0.0"
      tslib "^1.11.1"
  
  "@aws-sdk/client-s3@^3.451.0":
    version "3.451.0"
    resolved "https://registry.yarnpkg.com/@aws-sdk/client-s3/-/client-s3-3.451.0.tgz#f187b3879bf21f5dbf7b77fecc029516efe0696d"
    integrity sha512-wDQjG/5jEswus1JclfcWeTIwrAXfAFSPz1tvwo7mRrfDNH8UPFjKKBI9ArBBwwaWUj4ou++56CHFKhKX4ytaQw==
    dependencies:
      "@aws-crypto/sha1-browser" "3.0.0"
      "@aws-crypto/sha256-browser" "3.0.0"
      "@aws-crypto/sha256-js" "3.0.0"
      "@aws-sdk/client-sts" "3.451.0"
      "@aws-sdk/core" "3.451.0"
      "@aws-sdk/credential-provider-node" "3.451.0"
      "@aws-sdk/middleware-bucket-endpoint" "3.451.0"
      "@aws-sdk/middleware-expect-continue" "3.451.0"
      "@aws-sdk/middleware-flexible-checksums" "3.451.0"
      "@aws-sdk/middleware-host-header" "3.451.0"
      "@aws-sdk/middleware-location-constraint" "3.451.0"
      "@aws-sdk/middleware-logger" "3.451.0"
      "@aws-sdk/middleware-recursion-detection" "3.451.0"
      "@aws-sdk/middleware-sdk-s3" "3.451.0"
      "@aws-sdk/middleware-signing" "3.451.0"
      "@aws-sdk/middleware-ssec" "3.451.0"
      "@aws-sdk/middleware-user-agent" "3.451.0"
      "@aws-sdk/region-config-resolver" "3.451.0"
      "@aws-sdk/signature-v4-multi-region" "3.451.0"
      "@aws-sdk/types" "3.451.0"
      "@aws-sdk/util-endpoints" "3.451.0"
      "@aws-sdk/util-user-agent-browser" "3.451.0"
      "@aws-sdk/util-user-agent-node" "3.451.0"
      "@aws-sdk/xml-builder" "3.310.0"
      "@smithy/config-resolver" "^2.0.18"
      "@smithy/eventstream-serde-browser" "^2.0.13"
      "@smithy/eventstream-serde-config-resolver" "^2.0.13"
      "@smithy/eventstream-serde-node" "^2.0.13"
      "@smithy/fetch-http-handler" "^2.2.6"
      "@smithy/hash-blob-browser" "^2.0.14"
      "@smithy/hash-node" "^2.0.15"
      "@smithy/hash-stream-node" "^2.0.15"
      "@smithy/invalid-dependency" "^2.0.13"
      "@smithy/md5-js" "^2.0.15"
      "@smithy/middleware-content-length" "^2.0.15"
      "@smithy/middleware-endpoint" "^2.2.0"
      "@smithy/middleware-retry" "^2.0.20"
      "@smithy/middleware-serde" "^2.0.13"
      "@smithy/middleware-stack" "^2.0.7"
      "@smithy/node-config-provider" "^2.1.5"
      "@smithy/node-http-handler" "^2.1.9"
      "@smithy/protocol-http" "^3.0.9"
      "@smithy/smithy-client" "^2.1.15"
      "@smithy/types" "^2.5.0"
      "@smithy/url-parser" "^2.0.13"
      "@smithy/util-base64" "^2.0.1"
      "@smithy/util-body-length-browser" "^2.0.0"
      "@smithy/util-body-length-node" "^2.1.0"
      "@smithy/util-defaults-mode-browser" "^2.0.19"
      "@smithy/util-defaults-mode-node" "^2.0.25"
      "@smithy/util-endpoints" "^1.0.4"
      "@smithy/util-retry" "^2.0.6"
      "@smithy/util-stream" "^2.0.20"
      "@smithy/util-utf8" "^2.0.2"
      "@smithy/util-waiter" "^2.0.13"
      fast-xml-parser "4.2.5"
      tslib "^2.5.0"
  
  "@aws-sdk/client-sso@3.451.0":
    version "3.451.0"
    resolved "https://registry.yarnpkg.com/@aws-sdk/client-sso/-/client-sso-3.451.0.tgz#d52b961efa707b6579821942801145a2e1be8121"
    integrity sha512-KkYSke3Pdv3MfVH/5fT528+MKjMyPKlcLcd4zQb0x6/7Bl7EHrPh1JZYjzPLHelb+UY5X0qN8+cb8iSu1eiwIQ==
    dependencies:
      "@aws-crypto/sha256-browser" "3.0.0"
      "@aws-crypto/sha256-js" "3.0.0"
      "@aws-sdk/core" "3.451.0"
      "@aws-sdk/middleware-host-header" "3.451.0"
      "@aws-sdk/middleware-logger" "3.451.0"
      "@aws-sdk/middleware-recursion-detection" "3.451.0"
      "@aws-sdk/middleware-user-agent" "3.451.0"
      "@aws-sdk/region-config-resolver" "3.451.0"
      "@aws-sdk/types" "3.451.0"
      "@aws-sdk/util-endpoints" "3.451.0"
      "@aws-sdk/util-user-agent-browser" "3.451.0"
      "@aws-sdk/util-user-agent-node" "3.451.0"
      "@smithy/config-resolver" "^2.0.18"
      "@smithy/fetch-http-handler" "^2.2.6"
      "@smithy/hash-node" "^2.0.15"
      "@smithy/invalid-dependency" "^2.0.13"
      "@smithy/middleware-content-length" "^2.0.15"
      "@smithy/middleware-endpoint" "^2.2.0"
      "@smithy/middleware-retry" "^2.0.20"
      "@smithy/middleware-serde" "^2.0.13"
      "@smithy/middleware-stack" "^2.0.7"
      "@smithy/node-config-provider" "^2.1.5"
      "@smithy/node-http-handler" "^2.1.9"
      "@smithy/protocol-http" "^3.0.9"
      "@smithy/smithy-client" "^2.1.15"
      "@smithy/types" "^2.5.0"
      "@smithy/url-parser" "^2.0.13"
      "@smithy/util-base64" "^2.0.1"
      "@smithy/util-body-length-browser" "^2.0.0"
      "@smithy/util-body-length-node" "^2.1.0"
      "@smithy/util-defaults-mode-browser" "^2.0.19"
      "@smithy/util-defaults-mode-node" "^2.0.25"
      "@smithy/util-endpoints" "^1.0.4"
      "@smithy/util-retry" "^2.0.6"
      "@smithy/util-utf8" "^2.0.2"
      tslib "^2.5.0"
  
  "@aws-sdk/client-sts@3.451.0":
    version "3.451.0"
    resolved "https://registry.yarnpkg.com/@aws-sdk/client-sts/-/client-sts-3.451.0.tgz#66423b09621c344b1d41724117e43c7247e4c593"
    integrity sha512-48NcIRxWBdP1fom6RSjwn2R2u7SE7eeV3p+c4s7ukEOfrHhBxJfn3EpqBVQMGzdiU55qFImy+Fe81iA2lXq3Jw==
    dependencies:
      "@aws-crypto/sha256-browser" "3.0.0"
      "@aws-crypto/sha256-js" "3.0.0"
      "@aws-sdk/core" "3.451.0"
      "@aws-sdk/credential-provider-node" "3.451.0"
      "@aws-sdk/middleware-host-header" "3.451.0"
      "@aws-sdk/middleware-logger" "3.451.0"
      "@aws-sdk/middleware-recursion-detection" "3.451.0"
      "@aws-sdk/middleware-sdk-sts" "3.451.0"
      "@aws-sdk/middleware-signing" "3.451.0"
      "@aws-sdk/middleware-user-agent" "3.451.0"
      "@aws-sdk/region-config-resolver" "3.451.0"
      "@aws-sdk/types" "3.451.0"
      "@aws-sdk/util-endpoints" "3.451.0"
      "@aws-sdk/util-user-agent-browser" "3.451.0"
      "@aws-sdk/util-user-agent-node" "3.451.0"
      "@smithy/config-resolver" "^2.0.18"
      "@smithy/fetch-http-handler" "^2.2.6"
      "@smithy/hash-node" "^2.0.15"
      "@smithy/invalid-dependency" "^2.0.13"
      "@smithy/middleware-content-length" "^2.0.15"
      "@smithy/middleware-endpoint" "^2.2.0"
      "@smithy/middleware-retry" "^2.0.20"
      "@smithy/middleware-serde" "^2.0.13"
      "@smithy/middleware-stack" "^2.0.7"
      "@smithy/node-config-provider" "^2.1.5"
      "@smithy/node-http-handler" "^2.1.9"
      "@smithy/protocol-http" "^3.0.9"
      "@smithy/smithy-client" "^2.1.15"
      "@smithy/types" "^2.5.0"
      "@smithy/url-parser" "^2.0.13"
      "@smithy/util-base64" "^2.0.1"
      "@smithy/util-body-length-browser" "^2.0.0"
      "@smithy/util-body-length-node" "^2.1.0"
      "@smithy/util-defaults-mode-browser" "^2.0.19"
      "@smithy/util-defaults-mode-node" "^2.0.25"
      "@smithy/util-endpoints" "^1.0.4"
      "@smithy/util-retry" "^2.0.6"
      "@smithy/util-utf8" "^2.0.2"
      fast-xml-parser "4.2.5"
      tslib "^2.5.0"
  
  "@aws-sdk/core@3.451.0":
    version "3.451.0"
    resolved "https://registry.yarnpkg.com/@aws-sdk/core/-/core-3.451.0.tgz#ecd30da40d8e02050a772920485f450ea2a1b804"
    integrity sha512-SamWW2zHEf1ZKe3j1w0Piauryl8BQIlej0TBS18A4ACzhjhWXhCs13bO1S88LvPR5mBFXok3XOT6zPOnKDFktw==
    dependencies:
      "@smithy/smithy-client" "^2.1.15"
      tslib "^2.5.0"
  
  "@aws-sdk/credential-provider-env@3.451.0":
    version "3.451.0"
    resolved "https://registry.yarnpkg.com/@aws-sdk/credential-provider-env/-/credential-provider-env-3.451.0.tgz#7b7429bd2e3fdebf914a88269274190781aeeab2"
    integrity sha512-9dAav7DcRgaF7xCJEQR5ER9ErXxnu/tdnVJ+UPmb1NPeIZdESv1A3lxFDEq1Fs8c4/lzAj9BpshGyJVIZwZDKg==
    dependencies:
      "@aws-sdk/types" "3.451.0"
      "@smithy/property-provider" "^2.0.0"
      "@smithy/types" "^2.5.0"
      tslib "^2.5.0"
  
  "@aws-sdk/credential-provider-ini@3.451.0":
    version "3.451.0"
    resolved "https://registry.yarnpkg.com/@aws-sdk/credential-provider-ini/-/credential-provider-ini-3.451.0.tgz#e38315611f70700ad9803316d7030e3472c9789c"
    integrity sha512-TySt64Ci5/ZbqFw1F9Z0FIGvYx5JSC9e6gqDnizIYd8eMnn8wFRUscRrD7pIHKfrhvVKN5h0GdYovmMO/FMCBw==
    dependencies:
      "@aws-sdk/credential-provider-env" "3.451.0"
      "@aws-sdk/credential-provider-process" "3.451.0"
      "@aws-sdk/credential-provider-sso" "3.451.0"
      "@aws-sdk/credential-provider-web-identity" "3.451.0"
      "@aws-sdk/types" "3.451.0"
      "@smithy/credential-provider-imds" "^2.0.0"
      "@smithy/property-provider" "^2.0.0"
      "@smithy/shared-ini-file-loader" "^2.0.6"
      "@smithy/types" "^2.5.0"
      tslib "^2.5.0"
  
  "@aws-sdk/credential-provider-node@3.451.0":
    version "3.451.0"
    resolved "https://registry.yarnpkg.com/@aws-sdk/credential-provider-node/-/credential-provider-node-3.451.0.tgz#72ccdef2199104379977dc06ea84c8d2a356d545"
    integrity sha512-AEwM1WPyxUdKrKyUsKyFqqRFGU70e4qlDyrtBxJnSU9NRLZI8tfEZ67bN7fHSxBUBODgDXpMSlSvJiBLh5/3pw==
    dependencies:
      "@aws-sdk/credential-provider-env" "3.451.0"
      "@aws-sdk/credential-provider-ini" "3.451.0"
      "@aws-sdk/credential-provider-process" "3.451.0"
      "@aws-sdk/credential-provider-sso" "3.451.0"
      "@aws-sdk/credential-provider-web-identity" "3.451.0"
      "@aws-sdk/types" "3.451.0"
      "@smithy/credential-provider-imds" "^2.0.0"
      "@smithy/property-provider" "^2.0.0"
      "@smithy/shared-ini-file-loader" "^2.0.6"
      "@smithy/types" "^2.5.0"
      tslib "^2.5.0"
  
  "@aws-sdk/credential-provider-process@3.451.0":
    version "3.451.0"
    resolved "https://registry.yarnpkg.com/@aws-sdk/credential-provider-process/-/credential-provider-process-3.451.0.tgz#3dd1d7df235f4eeb99d7e0f16b0e8cd61d555a73"
    integrity sha512-HQywSdKeD5PErcLLnZfSyCJO+6T+ZyzF+Lm/QgscSC+CbSUSIPi//s15qhBRVely/3KBV6AywxwNH+5eYgt4lQ==
    dependencies:
      "@aws-sdk/types" "3.451.0"
      "@smithy/property-provider" "^2.0.0"
      "@smithy/shared-ini-file-loader" "^2.0.6"
      "@smithy/types" "^2.5.0"
      tslib "^2.5.0"
  
  "@aws-sdk/credential-provider-sso@3.451.0":
    version "3.451.0"
    resolved "https://registry.yarnpkg.com/@aws-sdk/credential-provider-sso/-/credential-provider-sso-3.451.0.tgz#f2482985a80f1da78e6b50ffaebbf2297d0f366f"
    integrity sha512-Usm/N51+unOt8ID4HnQzxIjUJDrkAQ1vyTOC0gSEEJ7h64NSSPGD5yhN7il5WcErtRd3EEtT1a8/GTC5TdBctg==
    dependencies:
      "@aws-sdk/client-sso" "3.451.0"
      "@aws-sdk/token-providers" "3.451.0"
      "@aws-sdk/types" "3.451.0"
      "@smithy/property-provider" "^2.0.0"
      "@smithy/shared-ini-file-loader" "^2.0.6"
      "@smithy/types" "^2.5.0"
      tslib "^2.5.0"
  
  "@aws-sdk/credential-provider-web-identity@3.451.0":
    version "3.451.0"
    resolved "https://registry.yarnpkg.com/@aws-sdk/credential-provider-web-identity/-/credential-provider-web-identity-3.451.0.tgz#5dc40768869d5887888c6f178c7831dd2c74cfbe"
    integrity sha512-Xtg3Qw65EfDjWNG7o2xD6sEmumPfsy3WDGjk2phEzVg8s7hcZGxf5wYwe6UY7RJvlEKrU0rFA+AMn6Hfj5oOzg==
    dependencies:
      "@aws-sdk/types" "3.451.0"
      "@smithy/property-provider" "^2.0.0"
      "@smithy/types" "^2.5.0"
      tslib "^2.5.0"
  
  "@aws-sdk/middleware-bucket-endpoint@3.451.0":
    version "3.451.0"
    resolved "https://registry.yarnpkg.com/@aws-sdk/middleware-bucket-endpoint/-/middleware-bucket-endpoint-3.451.0.tgz#d2853e30605771414fff762cd7680e449e3c811e"
    integrity sha512-KWyZ1JGnYz2QbHuJtYTP1BVnMOfVopR8rP8dTinVb/JR5HfAYz4imICJlJUbOYRjN7wpA3PrRI8dNRjrSBjWJg==
    dependencies:
      "@aws-sdk/types" "3.451.0"
      "@aws-sdk/util-arn-parser" "3.310.0"
      "@smithy/node-config-provider" "^2.1.5"
      "@smithy/protocol-http" "^3.0.9"
      "@smithy/types" "^2.5.0"
      "@smithy/util-config-provider" "^2.0.0"
      tslib "^2.5.0"
  
  "@aws-sdk/middleware-expect-continue@3.451.0":
    version "3.451.0"
    resolved "https://registry.yarnpkg.com/@aws-sdk/middleware-expect-continue/-/middleware-expect-continue-3.451.0.tgz#6fa15a51d7d894230fa6cdf8989755f476005fff"
    integrity sha512-vwG8o2Uk6biLDlOZnqXemsO4dS2HvrprUdxyouwu6hlzLFskg8nL122butn19JqXJKgcVLuSSLzT+xwqBWy2Rg==
    dependencies:
      "@aws-sdk/types" "3.451.0"
      "@smithy/protocol-http" "^3.0.9"
      "@smithy/types" "^2.5.0"
      tslib "^2.5.0"
  
  "@aws-sdk/middleware-flexible-checksums@3.451.0":
    version "3.451.0"
    resolved "https://registry.yarnpkg.com/@aws-sdk/middleware-flexible-checksums/-/middleware-flexible-checksums-3.451.0.tgz#3617c35bceafcebd77faef5f47a3cfedc20d713c"
    integrity sha512-eOkpcC2zgAvqs1w7Yp5nsk9LBIj6qLU5kaZuZEBOiFbNKIrTnPo6dQuhgvDcKHD6Y5W/cUjSBiFMs/ROb5aoug==
    dependencies:
      "@aws-crypto/crc32" "3.0.0"
      "@aws-crypto/crc32c" "3.0.0"
      "@aws-sdk/types" "3.451.0"
      "@smithy/is-array-buffer" "^2.0.0"
      "@smithy/protocol-http" "^3.0.9"
      "@smithy/types" "^2.5.0"
      "@smithy/util-utf8" "^2.0.2"
      tslib "^2.5.0"
  
  "@aws-sdk/middleware-host-header@3.451.0":
    version "3.451.0"
    resolved "https://registry.yarnpkg.com/@aws-sdk/middleware-host-header/-/middleware-host-header-3.451.0.tgz#016fcd2b0ec58f26ce62c7ff792174bdf580972b"
    integrity sha512-j8a5jAfhWmsK99i2k8oR8zzQgXrsJtgrLxc3js6U+525mcZytoiDndkWTmD5fjJ1byU1U2E5TaPq+QJeDip05Q==
    dependencies:
      "@aws-sdk/types" "3.451.0"
      "@smithy/protocol-http" "^3.0.9"
      "@smithy/types" "^2.5.0"
      tslib "^2.5.0"
  
  "@aws-sdk/middleware-location-constraint@3.451.0":
    version "3.451.0"
    resolved "https://registry.yarnpkg.com/@aws-sdk/middleware-location-constraint/-/middleware-location-constraint-3.451.0.tgz#eb763e777b008e7f9fef3eda8dbfce27ed54cdaa"
    integrity sha512-R4U2G7mybP0BMiQBJWTcB47g49F4PSXTiCsvMDp5WOEhpWvGQuO1ZIhTxCl5s5lgTSne063Os8W6KSdK2yG2TQ==
    dependencies:
      "@aws-sdk/types" "3.451.0"
      "@smithy/types" "^2.5.0"
      tslib "^2.5.0"
  
  "@aws-sdk/middleware-logger@3.451.0":
    version "3.451.0"
    resolved "https://registry.yarnpkg.com/@aws-sdk/middleware-logger/-/middleware-logger-3.451.0.tgz#9ef8ac916199f92ea1bb6c153279727ffa2b0b36"
    integrity sha512-0kHrYEyVeB2QBfP6TfbI240aRtatLZtcErJbhpiNUb+CQPgEL3crIjgVE8yYiJumZ7f0jyjo8HLPkwD1/2APaw==
    dependencies:
      "@aws-sdk/types" "3.451.0"
      "@smithy/types" "^2.5.0"
      tslib "^2.5.0"
  
  "@aws-sdk/middleware-recursion-detection@3.451.0":
    version "3.451.0"
    resolved "https://registry.yarnpkg.com/@aws-sdk/middleware-recursion-detection/-/middleware-recursion-detection-3.451.0.tgz#333a12d4792788bfcc3cab1028868cf37fb17e76"
    integrity sha512-J6jL6gJ7orjHGM70KDRcCP7so/J2SnkN4vZ9YRLTeeZY6zvBuHDjX8GCIgSqPn/nXFXckZO8XSnA7u6+3TAT0w==
    dependencies:
      "@aws-sdk/types" "3.451.0"
      "@smithy/protocol-http" "^3.0.9"
      "@smithy/types" "^2.5.0"
      tslib "^2.5.0"
  
  "@aws-sdk/middleware-sdk-s3@3.451.0":
    version "3.451.0"
    resolved "https://registry.yarnpkg.com/@aws-sdk/middleware-sdk-s3/-/middleware-sdk-s3-3.451.0.tgz#2c9b47216b46fcb46e6a505463059eff89912cec"
    integrity sha512-XF4Cw8HrYUwGLKOqKtWs6ss1WXoxvQUcgGLACGSqn9a0p51446NiS5671x7qJUsfBuygdKlIKcOc8pPr9a+5Ow==
    dependencies:
      "@aws-sdk/types" "3.451.0"
      "@aws-sdk/util-arn-parser" "3.310.0"
      "@smithy/protocol-http" "^3.0.9"
      "@smithy/smithy-client" "^2.1.15"
      "@smithy/types" "^2.5.0"
      tslib "^2.5.0"
  
  "@aws-sdk/middleware-sdk-sts@3.451.0":
    version "3.451.0"
    resolved "https://registry.yarnpkg.com/@aws-sdk/middleware-sdk-sts/-/middleware-sdk-sts-3.451.0.tgz#0c70b57523386fe12357b4471cd20b681a27f9aa"
    integrity sha512-UJ6UfVUEgp0KIztxpAeelPXI5MLj9wUtUCqYeIMP7C1ZhoEMNm3G39VLkGN43dNhBf1LqjsV9jkKMZbVfYXuwg==
    dependencies:
      "@aws-sdk/middleware-signing" "3.451.0"
      "@aws-sdk/types" "3.451.0"
      "@smithy/types" "^2.5.0"
      tslib "^2.5.0"
  
  "@aws-sdk/middleware-signing@3.451.0":
    version "3.451.0"
    resolved "https://registry.yarnpkg.com/@aws-sdk/middleware-signing/-/middleware-signing-3.451.0.tgz#ed7f5665dd048228e00f8e7e5925db32901a7886"
    integrity sha512-s5ZlcIoLNg1Huj4Qp06iKniE8nJt/Pj1B/fjhWc6cCPCM7XJYUCejCnRh6C5ZJoBEYodjuwZBejPc1Wh3j+znA==
    dependencies:
      "@aws-sdk/types" "3.451.0"
      "@smithy/property-provider" "^2.0.0"
      "@smithy/protocol-http" "^3.0.9"
      "@smithy/signature-v4" "^2.0.0"
      "@smithy/types" "^2.5.0"
      "@smithy/util-middleware" "^2.0.6"
      tslib "^2.5.0"
  
  "@aws-sdk/middleware-ssec@3.451.0":
    version "3.451.0"
    resolved "https://registry.yarnpkg.com/@aws-sdk/middleware-ssec/-/middleware-ssec-3.451.0.tgz#056e4c8afc54651481d81d6c54fc0599c70f5c67"
    integrity sha512-hDkeBUiRsvuDbvsPha0/uJHE680WDzjAOoE6ZnLBoWsw7ry+Bw1ULMj0sCmpBVrQ7Gpivi/6zbezhClVmt3ITw==
    dependencies:
      "@aws-sdk/types" "3.451.0"
      "@smithy/types" "^2.5.0"
      tslib "^2.5.0"
  
  "@aws-sdk/middleware-user-agent@3.451.0":
    version "3.451.0"
    resolved "https://registry.yarnpkg.com/@aws-sdk/middleware-user-agent/-/middleware-user-agent-3.451.0.tgz#33d168e8411be4561eeef69e16c31e41b6f9a0cf"
    integrity sha512-8NM/0JiKLNvT9wtAQVl1DFW0cEO7OvZyLSUBLNLTHqyvOZxKaZ8YFk7d8PL6l76LeUKRxq4NMxfZQlUIRe0eSA==
    dependencies:
      "@aws-sdk/types" "3.451.0"
      "@aws-sdk/util-endpoints" "3.451.0"
      "@smithy/protocol-http" "^3.0.9"
      "@smithy/types" "^2.5.0"
      tslib "^2.5.0"
  
  "@aws-sdk/region-config-resolver@3.451.0":
    version "3.451.0"
    resolved "https://registry.yarnpkg.com/@aws-sdk/region-config-resolver/-/region-config-resolver-3.451.0.tgz#f4de34ebe435832dd6bcdc0a7b9fae14a42fc6de"
    integrity sha512-3iMf4OwzrFb4tAAmoROXaiORUk2FvSejnHIw/XHvf/jjR4EqGGF95NZP/n/MeFZMizJWVssrwS412GmoEyoqhg==
    dependencies:
      "@smithy/node-config-provider" "^2.1.5"
      "@smithy/types" "^2.5.0"
      "@smithy/util-config-provider" "^2.0.0"
      "@smithy/util-middleware" "^2.0.6"
      tslib "^2.5.0"
  
  "@aws-sdk/signature-v4-multi-region@3.451.0":
    version "3.451.0"
    resolved "https://registry.yarnpkg.com/@aws-sdk/signature-v4-multi-region/-/signature-v4-multi-region-3.451.0.tgz#d8ec1b653037e3d979e6bb32df05a709ff32938b"
    integrity sha512-qQKY7/txeNUTLyRL3WxUWEwaZ5sf76EIZgu9kLaR96cAYSxwQi/qQB3ijbfD6u7sJIA8aROMxeYK0VmRsQg0CA==
    dependencies:
      "@aws-sdk/types" "3.451.0"
      "@smithy/protocol-http" "^3.0.9"
      "@smithy/signature-v4" "^2.0.0"
      "@smithy/types" "^2.5.0"
      tslib "^2.5.0"
  
  "@aws-sdk/token-providers@3.451.0":
    version "3.451.0"
    resolved "https://registry.yarnpkg.com/@aws-sdk/token-providers/-/token-providers-3.451.0.tgz#fb80e2fa39bb277fb77040a59c88312a115c35bd"
    integrity sha512-ij1L5iUbn6CwxVOT1PG4NFjsrsKN9c4N1YEM0lkl6DwmaNOscjLKGSNyj9M118vSWsOs1ZDbTwtj++h0O/BWrQ==
    dependencies:
      "@aws-crypto/sha256-browser" "3.0.0"
      "@aws-crypto/sha256-js" "3.0.0"
      "@aws-sdk/middleware-host-header" "3.451.0"
      "@aws-sdk/middleware-logger" "3.451.0"
      "@aws-sdk/middleware-recursion-detection" "3.451.0"
      "@aws-sdk/middleware-user-agent" "3.451.0"
      "@aws-sdk/region-config-resolver" "3.451.0"
      "@aws-sdk/types" "3.451.0"
      "@aws-sdk/util-endpoints" "3.451.0"
      "@aws-sdk/util-user-agent-browser" "3.451.0"
      "@aws-sdk/util-user-agent-node" "3.451.0"
      "@smithy/config-resolver" "^2.0.18"
      "@smithy/fetch-http-handler" "^2.2.6"
      "@smithy/hash-node" "^2.0.15"
      "@smithy/invalid-dependency" "^2.0.13"
      "@smithy/middleware-content-length" "^2.0.15"
      "@smithy/middleware-endpoint" "^2.2.0"
      "@smithy/middleware-retry" "^2.0.20"
      "@smithy/middleware-serde" "^2.0.13"
      "@smithy/middleware-stack" "^2.0.7"
      "@smithy/node-config-provider" "^2.1.5"
      "@smithy/node-http-handler" "^2.1.9"
      "@smithy/property-provider" "^2.0.0"
      "@smithy/protocol-http" "^3.0.9"
      "@smithy/shared-ini-file-loader" "^2.0.6"
      "@smithy/smithy-client" "^2.1.15"
      "@smithy/types" "^2.5.0"
      "@smithy/url-parser" "^2.0.13"
      "@smithy/util-base64" "^2.0.1"
      "@smithy/util-body-length-browser" "^2.0.0"
      "@smithy/util-body-length-node" "^2.1.0"
      "@smithy/util-defaults-mode-browser" "^2.0.19"
      "@smithy/util-defaults-mode-node" "^2.0.25"
      "@smithy/util-endpoints" "^1.0.4"
      "@smithy/util-retry" "^2.0.6"
      "@smithy/util-utf8" "^2.0.2"
      tslib "^2.5.0"
  
  "@aws-sdk/types@3.451.0", "@aws-sdk/types@^3.222.0":
    version "3.451.0"
    resolved "https://registry.yarnpkg.com/@aws-sdk/types/-/types-3.451.0.tgz#37ab4b25074c6a36152eb36abb7399b3768c2e7b"
    integrity sha512-rhK+qeYwCIs+laJfWCcrYEjay2FR/9VABZJ2NRM89jV/fKqGVQR52E5DQqrI+oEIL5JHMhhnr4N4fyECMS35lw==
    dependencies:
      "@smithy/types" "^2.5.0"
      tslib "^2.5.0"
  
  "@aws-sdk/util-arn-parser@3.310.0":
    version "3.310.0"
    resolved "https://registry.yarnpkg.com/@aws-sdk/util-arn-parser/-/util-arn-parser-3.310.0.tgz#861ff8810851be52a320ec9e4786f15b5fc74fba"
    integrity sha512-jL8509owp/xB9+Or0pvn3Fe+b94qfklc2yPowZZIFAkFcCSIdkIglz18cPDWnYAcy9JGewpMS1COXKIUhZkJsA==
    dependencies:
      tslib "^2.5.0"
  
  "@aws-sdk/util-endpoints@3.451.0":
    version "3.451.0"
    resolved "https://registry.yarnpkg.com/@aws-sdk/util-endpoints/-/util-endpoints-3.451.0.tgz#8719977c3535c6fec719a2854ffe037e02412ddb"
    integrity sha512-giqLGBTnRIcKkDqwU7+GQhKbtJ5Ku35cjGQIfMyOga6pwTBUbaK0xW1Sdd8sBQ1GhApscnChzI9o/R9x0368vw==
    dependencies:
      "@aws-sdk/types" "3.451.0"
      "@smithy/util-endpoints" "^1.0.4"
      tslib "^2.5.0"
  
  "@aws-sdk/util-locate-window@^3.0.0":
    version "3.310.0"
    resolved "https://registry.yarnpkg.com/@aws-sdk/util-locate-window/-/util-locate-window-3.310.0.tgz#b071baf050301adee89051032bd4139bba32cc40"
    integrity sha512-qo2t/vBTnoXpjKxlsC2e1gBrRm80M3bId27r0BRB2VniSSe7bL1mmzM+/HFtujm0iAxtPM+aLEflLJlJeDPg0w==
    dependencies:
      tslib "^2.5.0"
  
  "@aws-sdk/util-user-agent-browser@3.451.0":
    version "3.451.0"
    resolved "https://registry.yarnpkg.com/@aws-sdk/util-user-agent-browser/-/util-user-agent-browser-3.451.0.tgz#0b511703c3304a5c2fdaa864589246c93ad63dce"
    integrity sha512-Ws5mG3J0TQifH7OTcMrCTexo7HeSAc3cBgjfhS/ofzPUzVCtsyg0G7I6T7wl7vJJETix2Kst2cpOsxygPgPD9w==
    dependencies:
      "@aws-sdk/types" "3.451.0"
      "@smithy/types" "^2.5.0"
      bowser "^2.11.0"
      tslib "^2.5.0"
  
  "@aws-sdk/util-user-agent-node@3.451.0":
    version "3.451.0"
    resolved "https://registry.yarnpkg.com/@aws-sdk/util-user-agent-node/-/util-user-agent-node-3.451.0.tgz#f2af3f0d3f0389a14a7dbbc835dc94c705c0a39a"
    integrity sha512-TBzm6P+ql4mkGFAjPlO1CI+w3yUT+NulaiALjl/jNX/nnUp6HsJsVxJf4nVFQTG5KRV0iqMypcs7I3KIhH+LmA==
    dependencies:
      "@aws-sdk/types" "3.451.0"
      "@smithy/node-config-provider" "^2.1.5"
      "@smithy/types" "^2.5.0"
      tslib "^2.5.0"
  
  "@aws-sdk/util-utf8-browser@^3.0.0":
    version "3.259.0"
    resolved "https://registry.yarnpkg.com/@aws-sdk/util-utf8-browser/-/util-utf8-browser-3.259.0.tgz#3275a6f5eb334f96ca76635b961d3c50259fd9ff"
    integrity sha512-UvFa/vR+e19XookZF8RzFZBrw2EUkQWxiBW0yYQAhvk3C+QVGl0H3ouca8LDBlBfQKXwmW3huo/59H8rwb1wJw==
    dependencies:
      tslib "^2.3.1"
  
  "@aws-sdk/xml-builder@3.310.0":
    version "3.310.0"
    resolved "https://registry.yarnpkg.com/@aws-sdk/xml-builder/-/xml-builder-3.310.0.tgz#f0236f2103b438d16117e0939a6305ad69b7ff76"
    integrity sha512-TqELu4mOuSIKQCqj63fGVs86Yh+vBx5nHRpWKNUNhB2nPTpfbziTs5c1X358be3peVWA4wPxW7Nt53KIg1tnNw==
    dependencies:
      tslib "^2.5.0"
  
  "@cspotcode/source-map-support@^0.8.0":
    version "0.8.1"
    resolved "https://registry.yarnpkg.com/@cspotcode/source-map-support/-/source-map-support-0.8.1.tgz#00629c35a688e05a88b1cda684fb9d5e73f000a1"
    integrity sha512-IchNf6dN4tHoMFIn/7OE8LWZ19Y6q/67Bmf6vnGREv8RSbBVb9LPJxEcnwrcwX6ixSvaiGoomAUvu4YSxXrVgw==
    dependencies:
      "@jridgewell/trace-mapping" "0.3.9"
  
  "@jridgewell/resolve-uri@^3.0.3":
    version "3.1.1"
    resolved "https://registry.yarnpkg.com/@jridgewell/resolve-uri/-/resolve-uri-3.1.1.tgz#c08679063f279615a3326583ba3a90d1d82cc721"
    integrity sha512-dSYZh7HhCDtCKm4QakX0xFpsRDqjjtZf/kjI/v3T3Nwt5r8/qz/M19F9ySyOqU94SXBmeG9ttTul+YnR4LOxFA==
  
  "@jridgewell/sourcemap-codec@^1.4.10":
    version "1.4.15"
    resolved "https://registry.yarnpkg.com/@jridgewell/sourcemap-codec/-/sourcemap-codec-1.4.15.tgz#d7c6e6755c78567a951e04ab52ef0fd26de59f32"
    integrity sha512-eF2rxCRulEKXHTRiDrDy6erMYWqNw4LPdQ8UQA4huuxaQsVeRPFl2oM8oDGxMFhJUWZf9McpLtJasDDZb/Bpeg==
  
  "@jridgewell/trace-mapping@0.3.9":
    version "0.3.9"
    resolved "https://registry.yarnpkg.com/@jridgewell/trace-mapping/-/trace-mapping-0.3.9.tgz#6534fd5933a53ba7cbf3a17615e273a0d1273ff9"
    integrity sha512-3Belt6tdc8bPgAtbcmdtNJlirVoTmEb5e2gC94PnkwEW9jI6CAHUeoG85tjWP5WquqfavoMtMwiG4P926ZKKuQ==
    dependencies:
      "@jridgewell/resolve-uri" "^3.0.3"
      "@jridgewell/sourcemap-codec" "^1.4.10"
  
  "@smithy/abort-controller@^2.0.13":
    version "2.0.13"
    resolved "https://registry.yarnpkg.com/@smithy/abort-controller/-/abort-controller-2.0.13.tgz#d050a969bf1a478e548a323ea0f1b83532cbc136"
    integrity sha512-eeOPD+GF9BzF/Mjy3PICLePx4l0f3rG/nQegQHRLTloN5p1lSJJNZsyn+FzDnW8P2AduragZqJdtKNCxXozB1Q==
    dependencies:
      "@smithy/types" "^2.5.0"
      tslib "^2.5.0"
  
  "@smithy/chunked-blob-reader-native@^2.0.1":
    version "2.0.1"
    resolved "https://registry.yarnpkg.com/@smithy/chunked-blob-reader-native/-/chunked-blob-reader-native-2.0.1.tgz#0599eaed8c2cd15c7ab43a1838cef1258ff27133"
    integrity sha512-N2oCZRglhWKm7iMBu7S6wDzXirjAofi7tAd26cxmgibRYOBS4D3hGfmkwCpHdASZzwZDD8rluh0Rcqw1JeZDRw==
    dependencies:
      "@smithy/util-base64" "^2.0.1"
      tslib "^2.5.0"
  
  "@smithy/chunked-blob-reader@^2.0.0":
    version "2.0.0"
    resolved "https://registry.yarnpkg.com/@smithy/chunked-blob-reader/-/chunked-blob-reader-2.0.0.tgz#c44fe2c780eaf77f9e5381d982ac99a880cce51b"
    integrity sha512-k+J4GHJsMSAIQPChGBrjEmGS+WbPonCXesoqP9fynIqjn7rdOThdH8FAeCmokP9mxTYKQAKoHCLPzNlm6gh7Wg==
    dependencies:
      tslib "^2.5.0"
  
  "@smithy/config-resolver@^2.0.18":
    version "2.0.18"
    resolved "https://registry.yarnpkg.com/@smithy/config-resolver/-/config-resolver-2.0.18.tgz#5692b491a423bfb821d12e6eca0eb5f0ca63e789"
    integrity sha512-761sJSgNbvsqcsKW6/WZbrZr4H+0Vp/QKKqwyrxCPwD8BsiPEXNHyYnqNgaeK9xRWYswjon0Uxbpe3DWQo0j/g==
    dependencies:
      "@smithy/node-config-provider" "^2.1.5"
      "@smithy/types" "^2.5.0"
      "@smithy/util-config-provider" "^2.0.0"
      "@smithy/util-middleware" "^2.0.6"
      tslib "^2.5.0"
  
  "@smithy/credential-provider-imds@^2.0.0", "@smithy/credential-provider-imds@^2.1.1":
    version "2.1.1"
    resolved "https://registry.yarnpkg.com/@smithy/credential-provider-imds/-/credential-provider-imds-2.1.1.tgz#18607cbfce633ed81a2832889efb660c33a974e9"
    integrity sha512-gw5G3FjWC6sNz8zpOJgPpH5HGKrpoVFQpToNAwLwJVyI/LJ2jDJRjSKEsM6XI25aRpYjMSE/Qptxx305gN1vHw==
    dependencies:
      "@smithy/node-config-provider" "^2.1.5"
      "@smithy/property-provider" "^2.0.14"
      "@smithy/types" "^2.5.0"
      "@smithy/url-parser" "^2.0.13"
      tslib "^2.5.0"
  
  "@smithy/eventstream-codec@^2.0.13":
    version "2.0.13"
    resolved "https://registry.yarnpkg.com/@smithy/eventstream-codec/-/eventstream-codec-2.0.13.tgz#10c57a80508125a64759e79b42ff848bee8498dc"
    integrity sha512-CExbelIYp+DxAHG8RIs0l9QL7ElqhG4ym9BNoSpkPa4ptBQfzJdep3LbOSVJIE2VUdBAeObdeL6EDB3Jo85n3g==
    dependencies:
      "@aws-crypto/crc32" "3.0.0"
      "@smithy/types" "^2.5.0"
      "@smithy/util-hex-encoding" "^2.0.0"
      tslib "^2.5.0"
  
  "@smithy/eventstream-serde-browser@^2.0.13":
    version "2.0.13"
    resolved "https://registry.yarnpkg.com/@smithy/eventstream-serde-browser/-/eventstream-serde-browser-2.0.13.tgz#3d3ddb347320b736c001e0a4d7cf37962a6cefc9"
    integrity sha512-OJ/2g/VxkzA+mYZxV102oX3CsiE+igTSmqq/ir3oEVG2kSIdRC00ryttj/lmL14W06ExNi0ysmfLxQkL8XrAZQ==
    dependencies:
      "@smithy/eventstream-serde-universal" "^2.0.13"
      "@smithy/types" "^2.5.0"
      tslib "^2.5.0"
  
  "@smithy/eventstream-serde-config-resolver@^2.0.13":
    version "2.0.13"
    resolved "https://registry.yarnpkg.com/@smithy/eventstream-serde-config-resolver/-/eventstream-serde-config-resolver-2.0.13.tgz#36cb39cb4a54c26d780fc9f39406a040dab75614"
    integrity sha512-2BI1CbnYuEvAYoWSeWJtPNygbIKiWeSLxCmDLnyM6wQV32Of7VptiQlaFXPxXp4zqn/rs3ocZ/T29rxE4s4Gsg==
    dependencies:
      "@smithy/types" "^2.5.0"
      tslib "^2.5.0"
  
  "@smithy/eventstream-serde-node@^2.0.13":
    version "2.0.13"
    resolved "https://registry.yarnpkg.com/@smithy/eventstream-serde-node/-/eventstream-serde-node-2.0.13.tgz#733f021b16692916f0514fdf2a98dc723cf29a31"
    integrity sha512-7NbFwPafb924elFxCBDvm48jy/DeSrpFbFQN0uN2ThuY5HrEeubikS0t7WMva4Z4EnRoivpbuT0scb9vUIJKoA==
    dependencies:
      "@smithy/eventstream-serde-universal" "^2.0.13"
      "@smithy/types" "^2.5.0"
      tslib "^2.5.0"
  
  "@smithy/eventstream-serde-universal@^2.0.13":
    version "2.0.13"
    resolved "https://registry.yarnpkg.com/@smithy/eventstream-serde-universal/-/eventstream-serde-universal-2.0.13.tgz#2d7bba2acc36e6625891b0f8b3d42fe49c04f64e"
    integrity sha512-j0yFd5UfftM+ia9dxLRbheJDCkCZBHpcEzCsPO8BxVOTbdcX/auVJCv6ov/yvpCKsf4Hv3mOqi0Is1YogM2g3Q==
    dependencies:
      "@smithy/eventstream-codec" "^2.0.13"
      "@smithy/types" "^2.5.0"
      tslib "^2.5.0"
  
  "@smithy/fetch-http-handler@^2.2.6":
    version "2.2.6"
    resolved "https://registry.yarnpkg.com/@smithy/fetch-http-handler/-/fetch-http-handler-2.2.6.tgz#c3390c1c0533d024a5e2b1d1e8e778bcdcb66bf4"
    integrity sha512-PStY3XO1Ksjwn3wMKye5U6m6zxXpXrXZYqLy/IeCbh3nM9QB3Jgw/B0PUSLUWKdXg4U8qgEu300e3ZoBvZLsDg==
    dependencies:
      "@smithy/protocol-http" "^3.0.9"
      "@smithy/querystring-builder" "^2.0.13"
      "@smithy/types" "^2.5.0"
      "@smithy/util-base64" "^2.0.1"
      tslib "^2.5.0"
  
  "@smithy/hash-blob-browser@^2.0.14":
    version "2.0.14"
    resolved "https://registry.yarnpkg.com/@smithy/hash-blob-browser/-/hash-blob-browser-2.0.14.tgz#ec0650114432d123b62dfde90685a62f3d9252fc"
    integrity sha512-yWdghyPJIEqLYsaE7YVgd3YhM7jN4Pv6eJQvTomnMsz5K2qRBlpjUx3T9fKlElp1qdeQ7DNc3sAat4i9CUBO7Q==
    dependencies:
      "@smithy/chunked-blob-reader" "^2.0.0"
      "@smithy/chunked-blob-reader-native" "^2.0.1"
      "@smithy/types" "^2.5.0"
      tslib "^2.5.0"
  
  "@smithy/hash-node@^2.0.15":
    version "2.0.15"
    resolved "https://registry.yarnpkg.com/@smithy/hash-node/-/hash-node-2.0.15.tgz#fd60ba5dd9a80f14c317bc668813a734f64786fb"
    integrity sha512-t/qjEJZu/G46A22PAk1k/IiJZT4ncRkG5GOCNWN9HPPy5rCcSZUbh7gwp7CGKgJJ7ATMMg+0Td7i9o1lQTwOfQ==
    dependencies:
      "@smithy/types" "^2.5.0"
      "@smithy/util-buffer-from" "^2.0.0"
      "@smithy/util-utf8" "^2.0.2"
      tslib "^2.5.0"
  
  "@smithy/hash-stream-node@^2.0.15":
    version "2.0.15"
    resolved "https://registry.yarnpkg.com/@smithy/hash-stream-node/-/hash-stream-node-2.0.15.tgz#6fcc710e1c8b134611e3d2c1be5cb49bc6e7ffcc"
    integrity sha512-ZZ6kC/pHt5Dc2goXIIyC8uA7A4GUMSzdCynAabnZ3CSSaV6ctP8mlvVkqjPph0O3XzHlx/80gdLrNqi1GDPUsA==
    dependencies:
      "@smithy/types" "^2.5.0"
      "@smithy/util-utf8" "^2.0.2"
      tslib "^2.5.0"
  
  "@smithy/invalid-dependency@^2.0.13":
    version "2.0.13"
    resolved "https://registry.yarnpkg.com/@smithy/invalid-dependency/-/invalid-dependency-2.0.13.tgz#6f4c5d809906bbb069074c5c11028a2631abed8d"
    integrity sha512-XsGYhVhvEikX1Yz0kyIoLssJf2Rs6E0U2w2YuKdT4jSra5A/g8V2oLROC1s56NldbgnpesTYB2z55KCHHbKyjw==
    dependencies:
      "@smithy/types" "^2.5.0"
      tslib "^2.5.0"
  
  "@smithy/is-array-buffer@^2.0.0":
    version "2.0.0"
    resolved "https://registry.yarnpkg.com/@smithy/is-array-buffer/-/is-array-buffer-2.0.0.tgz#8fa9b8040651e7ba0b2f6106e636a91354ff7d34"
    integrity sha512-z3PjFjMyZNI98JFRJi/U0nGoLWMSJlDjAW4QUX2WNZLas5C0CmVV6LJ01JI0k90l7FvpmixjWxPFmENSClQ7ug==
    dependencies:
      tslib "^2.5.0"
  
  "@smithy/md5-js@^2.0.15":
    version "2.0.15"
    resolved "https://registry.yarnpkg.com/@smithy/md5-js/-/md5-js-2.0.15.tgz#6d59e02c868ec8241bb437bfbe4d8aadaa0918a5"
    integrity sha512-pAZaokib56XvhU0t/R9vAcr3L3bMhIakhF25X7EMSQ7LAURiLfce/tgON8I3x/dIbnZUyeRi8f2cx2azu6ATew==
    dependencies:
      "@smithy/types" "^2.5.0"
      "@smithy/util-utf8" "^2.0.2"
      tslib "^2.5.0"
  
  "@smithy/middleware-content-length@^2.0.15":
    version "2.0.15"
    resolved "https://registry.yarnpkg.com/@smithy/middleware-content-length/-/middleware-content-length-2.0.15.tgz#cd419737202f66eb441a233e9e8c8bc6bbd6a6f0"
    integrity sha512-xH4kRBw01gJgWiU+/mNTrnyFXeozpZHw39gLb3JKGsFDVmSrJZ8/tRqu27tU/ki1gKkxr2wApu+dEYjI3QwV1Q==
    dependencies:
      "@smithy/protocol-http" "^3.0.9"
      "@smithy/types" "^2.5.0"
      tslib "^2.5.0"
  
  "@smithy/middleware-endpoint@^2.2.0":
    version "2.2.0"
    resolved "https://registry.yarnpkg.com/@smithy/middleware-endpoint/-/middleware-endpoint-2.2.0.tgz#b5d065e8459216502adf3d8ccb7a589cfe1ba147"
    integrity sha512-tddRmaig5URk2106PVMiNX6mc5BnKIKajHHDxb7K0J5MLdcuQluHMGnjkv18iY9s9O0tF+gAcPd/pDXA5L9DZw==
    dependencies:
      "@smithy/middleware-serde" "^2.0.13"
      "@smithy/node-config-provider" "^2.1.5"
      "@smithy/shared-ini-file-loader" "^2.2.4"
      "@smithy/types" "^2.5.0"
      "@smithy/url-parser" "^2.0.13"
      "@smithy/util-middleware" "^2.0.6"
      tslib "^2.5.0"
  
  "@smithy/middleware-retry@^2.0.20":
    version "2.0.20"
    resolved "https://registry.yarnpkg.com/@smithy/middleware-retry/-/middleware-retry-2.0.20.tgz#19f18ead244f609acc15481219cb8c944fb4620e"
    integrity sha512-X2yrF/SHDk2WDd8LflRNS955rlzQ9daz9UWSp15wW8KtzoTXg3bhHM78HbK1cjr48/FWERSJKh9AvRUUGlIawg==
    dependencies:
      "@smithy/node-config-provider" "^2.1.5"
      "@smithy/protocol-http" "^3.0.9"
      "@smithy/service-error-classification" "^2.0.6"
      "@smithy/types" "^2.5.0"
      "@smithy/util-middleware" "^2.0.6"
      "@smithy/util-retry" "^2.0.6"
      tslib "^2.5.0"
      uuid "^8.3.2"
  
  "@smithy/middleware-serde@^2.0.13":
    version "2.0.13"
    resolved "https://registry.yarnpkg.com/@smithy/middleware-serde/-/middleware-serde-2.0.13.tgz#1d105ff5ffee5563c453a8546480182912cd169b"
    integrity sha512-tBGbeXw+XsE6pPr4UaXOh+UIcXARZeiA8bKJWxk2IjJcD1icVLhBSUQH9myCIZLNNzJIH36SDjUX8Wqk4xJCJg==
    dependencies:
      "@smithy/types" "^2.5.0"
      tslib "^2.5.0"
  
  "@smithy/middleware-stack@^2.0.7":
    version "2.0.7"
    resolved "https://registry.yarnpkg.com/@smithy/middleware-stack/-/middleware-stack-2.0.7.tgz#e462bb3b33a9d3a29b80e8a7e13b8ba4726967c9"
    integrity sha512-L1KLAAWkXbGx1t2jjCI/mDJ2dDNq+rp4/ifr/HcC6FHngxho5O7A5bQLpKHGlkfATH6fUnOEx0VICEVFA4sUzw==
    dependencies:
      "@smithy/types" "^2.5.0"
      tslib "^2.5.0"
  
  "@smithy/node-config-provider@^2.1.5":
    version "2.1.5"
    resolved "https://registry.yarnpkg.com/@smithy/node-config-provider/-/node-config-provider-2.1.5.tgz#f4be47e87c55791bf07c86c8e41383016753153f"
    integrity sha512-3Omb5/h4tOCuKRx4p4pkYTvEYRCYoKk52bOYbKUyz/G/8gERbagsN8jFm4FjQubkrcIqQEghTpQaUw6uk+0edw==
    dependencies:
      "@smithy/property-provider" "^2.0.14"
      "@smithy/shared-ini-file-loader" "^2.2.4"
      "@smithy/types" "^2.5.0"
      tslib "^2.5.0"
  
  "@smithy/node-http-handler@^2.1.9":
    version "2.1.9"
    resolved "https://registry.yarnpkg.com/@smithy/node-http-handler/-/node-http-handler-2.1.9.tgz#903c353dcd58990ea46e2793a10160004e2e09e4"
    integrity sha512-+K0q3SlNcocmo9OZj+fz67gY4lwhOCvIJxVbo/xH+hfWObvaxrMTx7JEzzXcluK0thnnLz++K3Qe7Z/8MDUreA==
    dependencies:
      "@smithy/abort-controller" "^2.0.13"
      "@smithy/protocol-http" "^3.0.9"
      "@smithy/querystring-builder" "^2.0.13"
      "@smithy/types" "^2.5.0"
      tslib "^2.5.0"
  
  "@smithy/property-provider@^2.0.0", "@smithy/property-provider@^2.0.14":
    version "2.0.14"
    resolved "https://registry.yarnpkg.com/@smithy/property-provider/-/property-provider-2.0.14.tgz#142e018ee624ae0c966c72886d4fb5d708f086d6"
    integrity sha512-k3D2qp9o6imTrLaXRj6GdLYEJr1sXqS99nLhzq8fYmJjSVOeMg/G+1KVAAc7Oxpu71rlZ2f8SSZxcSxkevuR0A==
    dependencies:
      "@smithy/types" "^2.5.0"
      tslib "^2.5.0"
  
  "@smithy/protocol-http@^3.0.9":
    version "3.0.9"
    resolved "https://registry.yarnpkg.com/@smithy/protocol-http/-/protocol-http-3.0.9.tgz#a1d973394b6da093bc8fd71556b589190352310d"
    integrity sha512-U1wl+FhYu4/BC+rjwh1lg2gcJChQhytiNQSggREgQ9G2FzmoK9sACBZvx7thyWMvRyHQTE22mO2d5UM8gMKDBg==
    dependencies:
      "@smithy/types" "^2.5.0"
      tslib "^2.5.0"
  
  "@smithy/querystring-builder@^2.0.13":
    version "2.0.13"
    resolved "https://registry.yarnpkg.com/@smithy/querystring-builder/-/querystring-builder-2.0.13.tgz#3eae3ce5a99df9c3c70214ac90b6f3c4ff2a5341"
    integrity sha512-JhXKwp3JtsFUe96XLHy/nUPEbaXqn6r7xE4sNaH8bxEyytE5q1fwt0ew/Ke6+vIC7gP87HCHgQpJHg1X1jN2Fw==
    dependencies:
      "@smithy/types" "^2.5.0"
      "@smithy/util-uri-escape" "^2.0.0"
      tslib "^2.5.0"
  
  "@smithy/querystring-parser@^2.0.13":
    version "2.0.13"
    resolved "https://registry.yarnpkg.com/@smithy/querystring-parser/-/querystring-parser-2.0.13.tgz#9825239eceb2ab6a8906d7a3fa8241d20794b5a7"
    integrity sha512-TEiT6o8CPZVxJ44Rly/rrsATTQsE+b/nyBVzsYn2sa75xAaZcurNxsFd8z1haoUysONiyex24JMHoJY6iCfLdA==
    dependencies:
      "@smithy/types" "^2.5.0"
      tslib "^2.5.0"
  
  "@smithy/service-error-classification@^2.0.6":
    version "2.0.6"
    resolved "https://registry.yarnpkg.com/@smithy/service-error-classification/-/service-error-classification-2.0.6.tgz#173c0067c9fce7641c4634e5f2f7e0b6fe11a051"
    integrity sha512-fCQ36frtYra2fqY2/DV8+3/z2d0VB/1D1hXbjRcM5wkxTToxq6xHbIY/NGGY6v4carskMyG8FHACxgxturJ9Pg==
    dependencies:
      "@smithy/types" "^2.5.0"
  
  "@smithy/shared-ini-file-loader@^2.0.6", "@smithy/shared-ini-file-loader@^2.2.4":
    version "2.2.4"
    resolved "https://registry.yarnpkg.com/@smithy/shared-ini-file-loader/-/shared-ini-file-loader-2.2.4.tgz#ed86a5afa76025ef827d84f5e07bb757174fe7c8"
    integrity sha512-9dRknGgvYlRIsoTcmMJXuoR/3ekhGwhRq4un3ns2/byre4Ql5hyUN4iS0x8eITohjU90YOnUCsbRwZRvCkbRfw==
    dependencies:
      "@smithy/types" "^2.5.0"
      tslib "^2.5.0"
  
  "@smithy/signature-v4@^2.0.0":
    version "2.0.15"
    resolved "https://registry.yarnpkg.com/@smithy/signature-v4/-/signature-v4-2.0.15.tgz#14085ba126d6dc5e38099fb3df50ce480c858186"
    integrity sha512-SRTEJSEhQYVlBKIIdZ9SZpqW+KFqxqcNnEcBX+8xkDdWx+DItme9VcCDkdN32yTIrICC+irUufnUdV7mmHPjoA==
    dependencies:
      "@smithy/eventstream-codec" "^2.0.13"
      "@smithy/is-array-buffer" "^2.0.0"
      "@smithy/types" "^2.5.0"
      "@smithy/util-hex-encoding" "^2.0.0"
      "@smithy/util-middleware" "^2.0.6"
      "@smithy/util-uri-escape" "^2.0.0"
      "@smithy/util-utf8" "^2.0.2"
      tslib "^2.5.0"
  
  "@smithy/smithy-client@^2.1.15":
    version "2.1.15"
    resolved "https://registry.yarnpkg.com/@smithy/smithy-client/-/smithy-client-2.1.15.tgz#8a6e142f52fe253fd7f868eedce0e6d308415098"
    integrity sha512-rngZcQu7Jvs9UbHihK1EI67RMPuzkc3CJmu4MBgB7D7yBnMGuFR86tq5rqHfL2gAkNnMelBN/8kzQVvZjNKefQ==
    dependencies:
      "@smithy/middleware-stack" "^2.0.7"
      "@smithy/types" "^2.5.0"
      "@smithy/util-stream" "^2.0.20"
      tslib "^2.5.0"
  
  "@smithy/types@^2.5.0":
    version "2.5.0"
    resolved "https://registry.yarnpkg.com/@smithy/types/-/types-2.5.0.tgz#f1bd5b906e7d3c6fd559b9b4f05e4707c7039180"
    integrity sha512-/a31lYofrMBkJb3BuPlYJTMKDj0hUmKUP6JFZQu6YVuQVoAjubiY0A52U9S0Uysd33n/djexCUSNJ+G9bf3/aA==
    dependencies:
      tslib "^2.5.0"
  
  "@smithy/url-parser@^2.0.13":
    version "2.0.13"
    resolved "https://registry.yarnpkg.com/@smithy/url-parser/-/url-parser-2.0.13.tgz#1e5f2812c1d5a78ae69fc248487bdd8a8902afc5"
    integrity sha512-okWx2P/d9jcTsZWTVNnRMpFOE7fMkzloSFyM53fA7nLKJQObxM2T4JlZ5KitKKuXq7pxon9J6SF2kCwtdflIrA==
    dependencies:
      "@smithy/querystring-parser" "^2.0.13"
      "@smithy/types" "^2.5.0"
      tslib "^2.5.0"
  
  "@smithy/util-base64@^2.0.1":
    version "2.0.1"
    resolved "https://registry.yarnpkg.com/@smithy/util-base64/-/util-base64-2.0.1.tgz#57f782dafc187eddea7c8a1ff2a7c188ed1a02c4"
    integrity sha512-DlI6XFYDMsIVN+GH9JtcRp3j02JEVuWIn/QOZisVzpIAprdsxGveFed0bjbMRCqmIFe8uetn5rxzNrBtIGrPIQ==
    dependencies:
      "@smithy/util-buffer-from" "^2.0.0"
      tslib "^2.5.0"
  
  "@smithy/util-body-length-browser@^2.0.0":
    version "2.0.0"
    resolved "https://registry.yarnpkg.com/@smithy/util-body-length-browser/-/util-body-length-browser-2.0.0.tgz#5447853003b4c73da3bc5f3c5e82c21d592d1650"
    integrity sha512-JdDuS4ircJt+FDnaQj88TzZY3+njZ6O+D3uakS32f2VNnDo3vyEuNdBOh/oFd8Df1zSZOuH1HEChk2AOYDezZg==
    dependencies:
      tslib "^2.5.0"
  
  "@smithy/util-body-length-node@^2.1.0":
    version "2.1.0"
    resolved "https://registry.yarnpkg.com/@smithy/util-body-length-node/-/util-body-length-node-2.1.0.tgz#313a5f7c5017947baf5fa018bfc22628904bbcfa"
    integrity sha512-/li0/kj/y3fQ3vyzn36NTLGmUwAICb7Jbe/CsWCktW363gh1MOcpEcSO3mJ344Gv2dqz8YJCLQpb6hju/0qOWw==
    dependencies:
      tslib "^2.5.0"
  
  "@smithy/util-buffer-from@^2.0.0":
    version "2.0.0"
    resolved "https://registry.yarnpkg.com/@smithy/util-buffer-from/-/util-buffer-from-2.0.0.tgz#7eb75d72288b6b3001bc5f75b48b711513091deb"
    integrity sha512-/YNnLoHsR+4W4Vf2wL5lGv0ksg8Bmk3GEGxn2vEQt52AQaPSCuaO5PM5VM7lP1K9qHRKHwrPGktqVoAHKWHxzw==
    dependencies:
      "@smithy/is-array-buffer" "^2.0.0"
      tslib "^2.5.0"
  
  "@smithy/util-config-provider@^2.0.0":
    version "2.0.0"
    resolved "https://registry.yarnpkg.com/@smithy/util-config-provider/-/util-config-provider-2.0.0.tgz#4dd6a793605559d94267312fd06d0f58784b4c38"
    integrity sha512-xCQ6UapcIWKxXHEU4Mcs2s7LcFQRiU3XEluM2WcCjjBtQkUN71Tb+ydGmJFPxMUrW/GWMgQEEGipLym4XG0jZg==
    dependencies:
      tslib "^2.5.0"
  
  "@smithy/util-defaults-mode-browser@^2.0.19":
    version "2.0.19"
    resolved "https://registry.yarnpkg.com/@smithy/util-defaults-mode-browser/-/util-defaults-mode-browser-2.0.19.tgz#fe437b62e589812cf97b269e689b18f7bcb1d008"
    integrity sha512-VHP8xdFR7/orpiABJwgoTB0t8Zhhwpf93gXhNfUBiwAE9O0rvsv7LwpQYjgvbOUDDO8JfIYQB2GYJNkqqGWsXw==
    dependencies:
      "@smithy/property-provider" "^2.0.14"
      "@smithy/smithy-client" "^2.1.15"
      "@smithy/types" "^2.5.0"
      bowser "^2.11.0"
      tslib "^2.5.0"
  
  "@smithy/util-defaults-mode-node@^2.0.25":
    version "2.0.25"
    resolved "https://registry.yarnpkg.com/@smithy/util-defaults-mode-node/-/util-defaults-mode-node-2.0.25.tgz#76a62b8a6602b1414a0af5d0ac11fa1dfdadb308"
    integrity sha512-jkmep6/JyWmn2ADw9VULDeGbugR4N/FJCKOt+gYyVswmN1BJOfzF2umaYxQ1HhQDvna3kzm1Dbo1qIfBW4iuHA==
    dependencies:
      "@smithy/config-resolver" "^2.0.18"
      "@smithy/credential-provider-imds" "^2.1.1"
      "@smithy/node-config-provider" "^2.1.5"
      "@smithy/property-provider" "^2.0.14"
      "@smithy/smithy-client" "^2.1.15"
      "@smithy/types" "^2.5.0"
      tslib "^2.5.0"
  
  "@smithy/util-endpoints@^1.0.4":
    version "1.0.4"
    resolved "https://registry.yarnpkg.com/@smithy/util-endpoints/-/util-endpoints-1.0.4.tgz#2b18aa7175e956e839be7aad5c5f0e0f6016d10d"
    integrity sha512-FPry8j1xye5yzrdnf4xKUXVnkQErxdN7bUIaqC0OFoGsv2NfD9b2UUMuZSSt+pr9a8XWAqj0HoyVNUfPiZ/PvQ==
    dependencies:
      "@smithy/node-config-provider" "^2.1.5"
      "@smithy/types" "^2.5.0"
      tslib "^2.5.0"
  
  "@smithy/util-hex-encoding@^2.0.0":
    version "2.0.0"
    resolved "https://registry.yarnpkg.com/@smithy/util-hex-encoding/-/util-hex-encoding-2.0.0.tgz#0aa3515acd2b005c6d55675e377080a7c513b59e"
    integrity sha512-c5xY+NUnFqG6d7HFh1IFfrm3mGl29lC+vF+geHv4ToiuJCBmIfzx6IeHLg+OgRdPFKDXIw6pvi+p3CsscaMcMA==
    dependencies:
      tslib "^2.5.0"
  
  "@smithy/util-middleware@^2.0.6":
    version "2.0.6"
    resolved "https://registry.yarnpkg.com/@smithy/util-middleware/-/util-middleware-2.0.6.tgz#fbc23119436baaa1494c11803abaabef8cb3e2c4"
    integrity sha512-7W4uuwBvSLgKoLC1x4LfeArCVcbuHdtVaC4g30kKsD1erfICyQ45+tFhhs/dZNeQg+w392fhunCm/+oCcb6BSA==
    dependencies:
      "@smithy/types" "^2.5.0"
      tslib "^2.5.0"
  
  "@smithy/util-retry@^2.0.6":
    version "2.0.6"
    resolved "https://registry.yarnpkg.com/@smithy/util-retry/-/util-retry-2.0.6.tgz#c887c2c3e356661c1336efb3f085e32fce777124"
    integrity sha512-PSO41FofOBmyhPQJwBQJ6mVlaD7Sp9Uff9aBbnfBJ9eqXOE/obrqQjn0PNdkfdvViiPXl49BINfnGcFtSP4kYw==
    dependencies:
      "@smithy/service-error-classification" "^2.0.6"
      "@smithy/types" "^2.5.0"
      tslib "^2.5.0"
  
  "@smithy/util-stream@^2.0.20":
    version "2.0.20"
    resolved "https://registry.yarnpkg.com/@smithy/util-stream/-/util-stream-2.0.20.tgz#0dbff46b07856b608512688437e685c638d75431"
    integrity sha512-tT8VASuD8jJu0yjHEMTCPt1o5E3FVzgdsxK6FQLAjXKqVv5V8InCnc0EOsYrijgspbfDqdAJg7r0o2sySfcHVg==
    dependencies:
      "@smithy/fetch-http-handler" "^2.2.6"
      "@smithy/node-http-handler" "^2.1.9"
      "@smithy/types" "^2.5.0"
      "@smithy/util-base64" "^2.0.1"
      "@smithy/util-buffer-from" "^2.0.0"
      "@smithy/util-hex-encoding" "^2.0.0"
      "@smithy/util-utf8" "^2.0.2"
      tslib "^2.5.0"
  
  "@smithy/util-uri-escape@^2.0.0":
    version "2.0.0"
    resolved "https://registry.yarnpkg.com/@smithy/util-uri-escape/-/util-uri-escape-2.0.0.tgz#19955b1a0f517a87ae77ac729e0e411963dfda95"
    integrity sha512-ebkxsqinSdEooQduuk9CbKcI+wheijxEb3utGXkCoYQkJnwTnLbH1JXGimJtUkQwNQbsbuYwG2+aFVyZf5TLaw==
    dependencies:
      tslib "^2.5.0"
  
  "@smithy/util-utf8@^2.0.2":
    version "2.0.2"
    resolved "https://registry.yarnpkg.com/@smithy/util-utf8/-/util-utf8-2.0.2.tgz#626b3e173ad137208e27ed329d6bea70f4a1a7f7"
    integrity sha512-qOiVORSPm6Ce4/Yu6hbSgNHABLP2VMv8QOC3tTDNHHlWY19pPyc++fBTbZPtx6egPXi4HQxKDnMxVxpbtX2GoA==
    dependencies:
      "@smithy/util-buffer-from" "^2.0.0"
      tslib "^2.5.0"
  
  "@smithy/util-waiter@^2.0.13":
    version "2.0.13"
    resolved "https://registry.yarnpkg.com/@smithy/util-waiter/-/util-waiter-2.0.13.tgz#ececb65f582b2808b1a327c1513a840b236d9a9d"
    integrity sha512-YovIQatiuM7giEsRFotqJa2i3EbU2EE3PgtpXgtLgpx5rXiZMAwPxXYDFVFhuO0lbqvc/Zx4n+ZIisXOHPSqyg==
    dependencies:
      "@smithy/abort-controller" "^2.0.13"
      "@smithy/types" "^2.5.0"
      tslib "^2.5.0"
  
  "@tsconfig/node10@^1.0.7":
    version "1.0.9"
    resolved "https://registry.yarnpkg.com/@tsconfig/node10/-/node10-1.0.9.tgz#df4907fc07a886922637b15e02d4cebc4c0021b2"
    integrity sha512-jNsYVVxU8v5g43Erja32laIDHXeoNvFEpX33OK4d6hljo3jDhCBDhx5dhCCTMWUojscpAagGiRkBKxpdl9fxqA==
  
  "@tsconfig/node12@^1.0.7":
    version "1.0.11"
    resolved "https://registry.yarnpkg.com/@tsconfig/node12/-/node12-1.0.11.tgz#ee3def1f27d9ed66dac6e46a295cffb0152e058d"
    integrity sha512-cqefuRsh12pWyGsIoBKJA9luFu3mRxCA+ORZvA4ktLSzIuCUtWVxGIuXigEwO5/ywWFMZ2QEGKWvkZG1zDMTag==
  
  "@tsconfig/node14@^1.0.0":
    version "1.0.3"
    resolved "https://registry.yarnpkg.com/@tsconfig/node14/-/node14-1.0.3.tgz#e4386316284f00b98435bf40f72f75a09dabf6c1"
    integrity sha512-ysT8mhdixWK6Hw3i1V2AeRqZ5WfXg1G43mqoYlM2nc6388Fq5jcXyr5mRsqViLx/GJYdoL0bfXD8nmF+Zn/Iow==
  
  "@tsconfig/node16@^1.0.2":
    version "1.0.4"
    resolved "https://registry.yarnpkg.com/@tsconfig/node16/-/node16-1.0.4.tgz#0b92dcc0cc1c81f6f306a381f28e31b1a56536e9"
    integrity sha512-vxhUy4J8lyeyinH7Azl1pdd43GJhZH/tP2weN8TntQblOY+A0XbT8DJk1/oCPuOOyg/Ja757rG0CgHcWC8OfMA==
  
  "@types/node@^20.9.1":
    version "20.9.1"
    resolved "https://registry.yarnpkg.com/@types/node/-/node-20.9.1.tgz#9d578c610ce1e984adda087f685ace940954fe19"
    integrity sha512-HhmzZh5LSJNS5O8jQKpJ/3ZcrrlG6L70hpGqMIAoM9YVD0YBRNWYsfwcXq8VnSjlNpCpgLzMXdiPo+dxcvSmiA==
    dependencies:
      undici-types "~5.26.4"
  
  "@types/strip-bom@^3.0.0":
    version "3.0.0"
    resolved "https://registry.yarnpkg.com/@types/strip-bom/-/strip-bom-3.0.0.tgz#14a8ec3956c2e81edb7520790aecf21c290aebd2"
    integrity sha512-xevGOReSYGM7g/kUBZzPqCrR/KYAo+F0yiPc85WFTJa0MSLtyFTVTU6cJu/aV4mid7IffDIWqo69THF2o4JiEQ==
  
  "@types/strip-json-comments@0.0.30":
    version "0.0.30"
    resolved "https://registry.yarnpkg.com/@types/strip-json-comments/-/strip-json-comments-0.0.30.tgz#9aa30c04db212a9a0649d6ae6fd50accc40748a1"
    integrity sha512-7NQmHra/JILCd1QqpSzl8+mJRc8ZHz3uDm8YV1Ks9IhK0epEiTw8aIErbvH9PI+6XbqhyIQy3462nEsn7UVzjQ==
  
  acorn-walk@^8.1.1:
    version "8.2.0"
    resolved "https://registry.yarnpkg.com/acorn-walk/-/acorn-walk-8.2.0.tgz#741210f2e2426454508853a2f44d0ab83b7f69c1"
    integrity sha512-k+iyHEuPgSw6SbuDpGQM+06HQUa04DZ3o+F6CSzXMvvI5KMvnaEqXe+YVe555R9nn6GPt404fos4wcgpw12SDA==
  
  acorn@^8.4.1:
    version "8.10.0"
    resolved "https://registry.yarnpkg.com/acorn/-/acorn-8.10.0.tgz#8be5b3907a67221a81ab23c7889c4c5526b62ec5"
    integrity sha512-F0SAmZ8iUtS//m8DmCTA0jlh6TDKkHQyK6xc6V4KDTyZKA9dnvX9/3sRTVQrWm79glUAZbnmmNcdYwUIHWVybw==
  
  anymatch@~3.1.2:
    version "3.1.3"
    resolved "https://registry.yarnpkg.com/anymatch/-/anymatch-3.1.3.tgz#790c58b19ba1720a84205b57c618d5ad8524973e"
    integrity sha512-KMReFUr0B4t+D+OBkjR3KYqvocp2XaSzO55UcB6mgQMd3KbcE+mWTyvVV7D/zsdEbNnV6acZUutkiHQXvTr1Rw==
    dependencies:
      normalize-path "^3.0.0"
      picomatch "^2.0.4"
  
  arg@^4.1.0:
    version "4.1.3"
    resolved "https://registry.yarnpkg.com/arg/-/arg-4.1.3.tgz#269fc7ad5b8e42cb63c896d5666017261c144089"
    integrity sha512-58S9QDqG0Xx27YwPSt9fJxivjYl432YCwfDMfZ+71RAqUrZef7LrKQZ3LHLOwCS4FLNBplP533Zx895SeOCHvA==
  
  balanced-match@^1.0.0:
    version "1.0.2"
    resolved "https://registry.yarnpkg.com/balanced-match/-/balanced-match-1.0.2.tgz#e83e3a7e3f300b34cb9d87f615fa0cbf357690ee"
    integrity sha512-3oSeUO0TMV67hN1AmbXsK4yaqU7tjiHlbxRDZOpH0KW9+CeX4bRAaX0Anxt0tx2MrpRpWwQaPwIlISEJhYU5Pw==
  
  binary-extensions@^2.0.0:
    version "2.2.0"
    resolved "https://registry.yarnpkg.com/binary-extensions/-/binary-extensions-2.2.0.tgz#75f502eeaf9ffde42fc98829645be4ea76bd9e2d"
    integrity sha512-jDctJ/IVQbZoJykoeHbhXpOlNBqGNcwXJKJog42E5HDPUwQTSdjCHdihjj0DlnheQ7blbT6dHOafNAiS8ooQKA==
  
  bowser@^2.11.0:
    version "2.11.0"
    resolved "https://registry.yarnpkg.com/bowser/-/bowser-2.11.0.tgz#5ca3c35757a7aa5771500c70a73a9f91ef420a8f"
    integrity sha512-AlcaJBi/pqqJBIQ8U9Mcpc9i8Aqxn88Skv5d+xBX006BY5u8N3mGLHa5Lgppa7L/HfwgwLgZ6NYs+Ag6uUmJRA==
  
  brace-expansion@^1.1.7:
    version "1.1.11"
    resolved "https://registry.yarnpkg.com/brace-expansion/-/brace-expansion-1.1.11.tgz#3c7fcbf529d87226f3d2f52b966ff5271eb441dd"
    integrity sha512-iCuPHDFgrHX7H2vEI/5xpz07zSHB00TpugqhmYtVmMO6518mCuRMoOYFldEBl0g187ufozdaHgWKcYFb61qGiA==
    dependencies:
      balanced-match "^1.0.0"
      concat-map "0.0.1"
  
  braces@~3.0.2:
    version "3.0.2"
    resolved "https://registry.yarnpkg.com/braces/-/braces-3.0.2.tgz#3454e1a462ee8d599e236df336cd9ea4f8afe107"
    integrity sha512-b8um+L1RzM3WDSzvhm6gIz1yfTbBt6YTlcEKAvsmqCZZFw46z626lVj9j1yEPW33H5H+lBQpZMP1k8l+78Ha0A==
    dependencies:
      fill-range "^7.0.1"
  
  buffer-from@^1.0.0:
    version "1.1.2"
    resolved "https://registry.yarnpkg.com/buffer-from/-/buffer-from-1.1.2.tgz#2b146a6fd72e80b4f55d255f35ed59a3a9a41bd5"
    integrity sha512-E+XQCRwSbaaiChtv6k6Dwgc+bx+Bs6vuKJHHl5kox/BaKbhiXzqQOwK4cO22yElGp2OCmjwVhT3HmxgyPGnJfQ==
  
  chokidar@^3.5.1:
    version "3.5.3"
    resolved "https://registry.yarnpkg.com/chokidar/-/chokidar-3.5.3.tgz#1cf37c8707b932bd1af1ae22c0432e2acd1903bd"
    integrity sha512-Dr3sfKRP6oTcjf2JmUmFJfeVMvXBdegxB0iVQ5eb2V10uFJUCAS8OByZdVAyVb8xXNz3GjjTgj9kLWsZTqE6kw==
    dependencies:
      anymatch "~3.1.2"
      braces "~3.0.2"
      glob-parent "~5.1.2"
      is-binary-path "~2.1.0"
      is-glob "~4.0.1"
      normalize-path "~3.0.0"
      readdirp "~3.6.0"
    optionalDependencies:
      fsevents "~2.3.2"
  
  concat-map@0.0.1:
    version "0.0.1"
    resolved "https://registry.yarnpkg.com/concat-map/-/concat-map-0.0.1.tgz#d8a96bd77fd68df7793a73036a3ba0d5405d477b"
    integrity sha512-/Srv4dswyQNBfohGpz9o6Yb3Gz3SrUDqBH5rTuhGR7ahtlbYKnVxw2bCFMRljaA7EXHaXZ8wsHdodFvbkhKmqg==
  
  create-require@^1.1.0:
    version "1.1.1"
    resolved "https://registry.yarnpkg.com/create-require/-/create-require-1.1.1.tgz#c1d7e8f1e5f6cfc9ff65f9cd352d37348756c333"
    integrity sha512-dcKFX3jn0MpIaXjisoRvexIJVEKzaq7z2rZKxf+MSr9TkdmHmsU4m2lcLojrj/FHl8mk5VxMmYA+ftRkP/3oKQ==
  
  diff@^4.0.1:
    version "4.0.2"
    resolved "https://registry.yarnpkg.com/diff/-/diff-4.0.2.tgz#60f3aecb89d5fae520c11aa19efc2bb982aade7d"
    integrity sha512-58lmxKSA4BNyLz+HHMUzlOEpg09FV+ev6ZMe3vJihgdxzgcwZ8VoEEPmALCZG9LmqfVoNMMKpttIYTVG6uDY7A==
  
  dynamic-dedupe@^0.3.0:
    version "0.3.0"
    resolved "https://registry.yarnpkg.com/dynamic-dedupe/-/dynamic-dedupe-0.3.0.tgz#06e44c223f5e4e94d78ef9db23a6515ce2f962a1"
    integrity sha512-ssuANeD+z97meYOqd50e04Ze5qp4bPqo8cCkI4TRjZkzAUgIDTrXV1R8QCdINpiI+hw14+rYazvTRdQrz0/rFQ==
    dependencies:
      xtend "^4.0.0"
  
  fast-xml-parser@4.2.5:
    version "4.2.5"
    resolved "https://registry.yarnpkg.com/fast-xml-parser/-/fast-xml-parser-4.2.5.tgz#a6747a09296a6cb34f2ae634019bf1738f3b421f"
    integrity sha512-B9/wizE4WngqQftFPmdaMYlXoJlJOYxGQOanC77fq9k8+Z0v5dDSVh+3glErdIROP//s/jgb7ZuxKfB8nVyo0g==
    dependencies:
      strnum "^1.0.5"
  
  fill-range@^7.0.1:
    version "7.0.1"
    resolved "https://registry.yarnpkg.com/fill-range/-/fill-range-7.0.1.tgz#1919a6a7c75fe38b2c7c77e5198535da9acdda40"
    integrity sha512-qOo9F+dMUmC2Lcb4BbVvnKJxTPjCm+RRpe4gDuGrzkL7mEVl/djYSu2OdQ2Pa302N4oqkSg9ir6jaLWJ2USVpQ==
    dependencies:
      to-regex-range "^5.0.1"
  
  fs.realpath@^1.0.0:
    version "1.0.0"
    resolved "https://registry.yarnpkg.com/fs.realpath/-/fs.realpath-1.0.0.tgz#1504ad2523158caa40db4a2787cb01411994ea4f"
    integrity sha512-OO0pH2lK6a0hZnAdau5ItzHPI6pUlvI7jMVnxUQRtw4owF2wk8lOSabtGDCTP4Ggrg2MbGnWO9X8K1t4+fGMDw==
  
  fsevents@~2.3.2:
    version "2.3.3"
    resolved "https://registry.yarnpkg.com/fsevents/-/fsevents-2.3.3.tgz#cac6407785d03675a2a5e1a5305c697b347d90d6"
    integrity sha512-5xoDfX+fL7faATnagmWPpbFtwh/R77WmMMqqHGS65C3vvB0YHrgF+B1YmZ3441tMj5n63k0212XNoJwzlhffQw==
  
  glob-parent@~5.1.2:
    version "5.1.2"
    resolved "https://registry.yarnpkg.com/glob-parent/-/glob-parent-5.1.2.tgz#869832c58034fe68a4093c17dc15e8340d8401c4"
    integrity sha512-AOIgSQCepiJYwP3ARnGx+5VnTu2HBYdzbGP45eLw1vr3zB3vZLeyed1sC9hnbcOc9/SrMyM5RPQrkGz4aS9Zow==
    dependencies:
      is-glob "^4.0.1"
  
  glob@^7.1.3:
    version "7.2.3"
    resolved "https://registry.yarnpkg.com/glob/-/glob-7.2.3.tgz#b8df0fb802bbfa8e89bd1d938b4e16578ed44f2b"
    integrity sha512-nFR0zLpU2YCaRxwoCJvL6UvCH2JFyFVIvwTLsIf21AuHlMskA1hhTdk+LlYJtOlYt9v6dvszD2BGRqBL+iQK9Q==
    dependencies:
      fs.realpath "^1.0.0"
      inflight "^1.0.4"
      inherits "2"
      minimatch "^3.1.1"
      once "^1.3.0"
      path-is-absolute "^1.0.0"
  
  has@^1.0.3:
    version "1.0.4"
    resolved "https://registry.yarnpkg.com/has/-/has-1.0.4.tgz#2eb2860e000011dae4f1406a86fe80e530fb2ec6"
    integrity sha512-qdSAmqLF6209RFj4VVItywPMbm3vWylknmB3nvNiUIs72xAimcM8nVYxYr7ncvZq5qzk9MKIZR8ijqD/1QuYjQ==
  
  inflight@^1.0.4:
    version "1.0.6"
    resolved "https://registry.yarnpkg.com/inflight/-/inflight-1.0.6.tgz#49bd6331d7d02d0c09bc910a1075ba8165b56df9"
    integrity sha512-k92I/b08q4wvFscXCLvqfsHCrjrF7yiXsQuIVvVE7N82W3+aqpzuUdBbfhWcy/FZR3/4IgflMgKLOsvPDrGCJA==
    dependencies:
      once "^1.3.0"
      wrappy "1"
  
  inherits@2:
    version "2.0.4"
    resolved "https://registry.yarnpkg.com/inherits/-/inherits-2.0.4.tgz#0fa2c64f932917c3433a0ded55363aae37416b7c"
    integrity sha512-k/vGaX4/Yla3WzyMCvTQOXYeIHvqOKtnqBduzTHpzpQZzAskKMhZ2K+EnBiSM9zGSoIFeMpXKxa4dYeZIQqewQ==
  
  is-binary-path@~2.1.0:
    version "2.1.0"
    resolved "https://registry.yarnpkg.com/is-binary-path/-/is-binary-path-2.1.0.tgz#ea1f7f3b80f064236e83470f86c09c254fb45b09"
    integrity sha512-ZMERYes6pDydyuGidse7OsHxtbI7WVeUEozgR/g7rd0xUimYNlvZRE/K2MgZTjWy725IfelLeVcEM97mmtRGXw==
    dependencies:
      binary-extensions "^2.0.0"
  
  is-core-module@^2.13.0:
    version "2.13.0"
    resolved "https://registry.yarnpkg.com/is-core-module/-/is-core-module-2.13.0.tgz#bb52aa6e2cbd49a30c2ba68c42bf3435ba6072db"
    integrity sha512-Z7dk6Qo8pOCp3l4tsX2C5ZVas4V+UxwQodwZhLopL91TX8UyyHEXafPcyoeeWuLrwzHcr3igO78wNLwHJHsMCQ==
    dependencies:
      has "^1.0.3"
  
  is-extglob@^2.1.1:
    version "2.1.1"
    resolved "https://registry.yarnpkg.com/is-extglob/-/is-extglob-2.1.1.tgz#a88c02535791f02ed37c76a1b9ea9773c833f8c2"
    integrity sha512-SbKbANkN603Vi4jEZv49LeVJMn4yGwsbzZworEoyEiutsN3nJYdbO36zfhGJ6QEDpOZIFkDtnq5JRxmvl3jsoQ==
  
  is-glob@^4.0.1, is-glob@~4.0.1:
    version "4.0.3"
    resolved "https://registry.yarnpkg.com/is-glob/-/is-glob-4.0.3.tgz#64f61e42cbbb2eec2071a9dac0b28ba1e65d5084"
    integrity sha512-xelSayHH36ZgE7ZWhli7pW34hNbNl8Ojv5KVmkJD4hBdD3th8Tfk9vYasLM+mXWOZhFkgZfxhLSnrwRr4elSSg==
    dependencies:
      is-extglob "^2.1.1"
  
  is-number@^7.0.0:
    version "7.0.0"
    resolved "https://registry.yarnpkg.com/is-number/-/is-number-7.0.0.tgz#7535345b896734d5f80c4d06c50955527a14f12b"
    integrity sha512-41Cifkg6e8TylSpdtTpeLVMqvSBEVzTttHvERD741+pnZ8ANv0004MRL43QKPDlK9cGvNp6NZWZUBlbGXYxxng==
  
  make-error@^1.1.1:
    version "1.3.6"
    resolved "https://registry.yarnpkg.com/make-error/-/make-error-1.3.6.tgz#2eb2e37ea9b67c4891f684a1394799af484cf7a2"
    integrity sha512-s8UhlNe7vPKomQhC1qFelMokr/Sc3AgNbso3n74mVPA5LTZwkB9NlXf4XPamLxJE8h0gh73rM94xvwRT2CVInw==
  
  minimatch@^3.1.1:
    version "3.1.2"
    resolved "https://registry.yarnpkg.com/minimatch/-/minimatch-3.1.2.tgz#19cd194bfd3e428f049a70817c038d89ab4be35b"
    integrity sha512-J7p63hRiAjw1NDEww1W7i37+ByIrOWO5XQQAzZ3VOcL0PNybwpfmV/N05zFAzwQ9USyEcX6t3UO+K5aqBQOIHw==
    dependencies:
      brace-expansion "^1.1.7"
  
  minimist@^1.2.6:
    version "1.2.8"
    resolved "https://registry.yarnpkg.com/minimist/-/minimist-1.2.8.tgz#c1a464e7693302e082a075cee0c057741ac4772c"
    integrity sha512-2yyAR8qBkN3YuheJanUpWC5U3bb5osDywNB8RzDVlDwDHbocAJveqqj1u8+SVD7jkWT4yvsHCpWqqWqAxb0zCA==
  
  mkdirp@^1.0.4:
    version "1.0.4"
    resolved "https://registry.yarnpkg.com/mkdirp/-/mkdirp-1.0.4.tgz#3eb5ed62622756d79a5f0e2a221dfebad75c2f7e"
    integrity sha512-vVqVZQyf3WLx2Shd0qJ9xuvqgAyKPLAiqITEtqW0oIUjzo3PePDd6fW9iFz30ef7Ysp/oiWqbhszeGWW2T6Gzw==
  
  normalize-path@^3.0.0, normalize-path@~3.0.0:
    version "3.0.0"
    resolved "https://registry.yarnpkg.com/normalize-path/-/normalize-path-3.0.0.tgz#0dcd69ff23a1c9b11fd0978316644a0388216a65"
    integrity sha512-6eZs5Ls3WtCisHWp9S2GUy8dqkpGi4BVSz3GaqiE6ezub0512ESztXUwUB6C6IKbQkY2Pnb/mD4WYojCRwcwLA==
  
  once@^1.3.0:
    version "1.4.0"
    resolved "https://registry.yarnpkg.com/once/-/once-1.4.0.tgz#583b1aa775961d4b113ac17d9c50baef9dd76bd1"
    integrity sha512-lNaJgI+2Q5URQBkccEKHTQOPaXdUxnZZElQTZY0MFUAuaEqe1E+Nyvgdz/aIyNi6Z9MzO5dv1H8n58/GELp3+w==
    dependencies:
      wrappy "1"
  
  path-is-absolute@^1.0.0:
    version "1.0.1"
    resolved "https://registry.yarnpkg.com/path-is-absolute/-/path-is-absolute-1.0.1.tgz#174b9268735534ffbc7ace6bf53a5a9e1b5c5f5f"
    integrity sha512-AVbw3UJ2e9bq64vSaS9Am0fje1Pa8pbGqTTsmXfaIiMpnr5DlDhfJOuLj9Sf95ZPVDAUerDfEk88MPmPe7UCQg==
  
  path-parse@^1.0.7:
    version "1.0.7"
    resolved "https://registry.yarnpkg.com/path-parse/-/path-parse-1.0.7.tgz#fbc114b60ca42b30d9daf5858e4bd68bbedb6735"
    integrity sha512-LDJzPVEEEPR+y48z93A0Ed0yXb8pAByGWo/k5YYdYgpY2/2EsOsksJrq7lOHxryrVOn1ejG6oAp8ahvOIQD8sw==
  
  picomatch@^2.0.4, picomatch@^2.2.1:
    version "2.3.1"
    resolved "https://registry.yarnpkg.com/picomatch/-/picomatch-2.3.1.tgz#3ba3833733646d9d3e4995946c1365a67fb07a42"
    integrity sha512-JU3teHTNjmE2VCGFzuY8EXzCDVwEqB2a8fsIvwaStHhAWJEeVd1o1QD80CU6+ZdEXXSLbSsuLwJjkCBWqRQUVA==
  
  prettier@^3.1.0:
    version "3.1.0"
    resolved "https://registry.yarnpkg.com/prettier/-/prettier-3.1.0.tgz#c6d16474a5f764ea1a4a373c593b779697744d5e"
    integrity sha512-TQLvXjq5IAibjh8EpBIkNKxO749UEWABoiIZehEPiY4GNpVdhaFKqSTu+QrlU6D2dPAfubRmtJTi4K4YkQ5eXw==
  
  readdirp@~3.6.0:
    version "3.6.0"
    resolved "https://registry.yarnpkg.com/readdirp/-/readdirp-3.6.0.tgz#74a370bd857116e245b29cc97340cd431a02a6c7"
    integrity sha512-hOS089on8RduqdbhvQ5Z37A0ESjsqz6qnRcffsMU3495FuTdqSm+7bhJ29JvIOsBDEEnan5DPu9t3To9VRlMzA==
    dependencies:
      picomatch "^2.2.1"
  
  resolve@^1.0.0:
    version "1.22.8"
    resolved "https://registry.yarnpkg.com/resolve/-/resolve-1.22.8.tgz#b6c87a9f2aa06dfab52e3d70ac8cde321fa5a48d"
    integrity sha512-oKWePCxqpd6FlLvGV1VU0x7bkPmmCNolxzjMf4NczoDnQcIWrAF+cPtZn5i6n+RfD2d9i0tzpKnG6Yk168yIyw==
    dependencies:
      is-core-module "^2.13.0"
      path-parse "^1.0.7"
      supports-preserve-symlinks-flag "^1.0.0"
  
  rimraf@^2.6.1:
    version "2.7.1"
    resolved "https://registry.yarnpkg.com/rimraf/-/rimraf-2.7.1.tgz#35797f13a7fdadc566142c29d4f07ccad483e3ec"
    integrity sha512-uWjbaKIK3T1OSVptzX7Nl6PvQ3qAGtKEtVRjRuazjfL3Bx5eI409VZSqgND+4UNnmzLVdPj9FqFJNPqBZFve4w==
    dependencies:
      glob "^7.1.3"
  
  source-map-support@^0.5.12:
    version "0.5.21"
    resolved "https://registry.yarnpkg.com/source-map-support/-/source-map-support-0.5.21.tgz#04fe7c7f9e1ed2d662233c28cb2b35b9f63f6e4f"
    integrity sha512-uBHU3L3czsIyYXKX88fdrGovxdSCoTGDRZ6SYXtSRxLZUzHg5P/66Ht6uoUlHu9EZod+inXhKo3qQgwXUT/y1w==
    dependencies:
      buffer-from "^1.0.0"
      source-map "^0.6.0"
  
  source-map@^0.6.0:
    version "0.6.1"
    resolved "https://registry.yarnpkg.com/source-map/-/source-map-0.6.1.tgz#74722af32e9614e9c287a8d0bbde48b5e2f1a263"
    integrity sha512-UjgapumWlbMhkBgzT7Ykc5YXUT46F0iKu8SGXq0bcwP5dz/h0Plj6enJqjz1Zbq2l5WaqYnrVbwWOWMyF3F47g==
  
  strip-bom@^3.0.0:
    version "3.0.0"
    resolved "https://registry.yarnpkg.com/strip-bom/-/strip-bom-3.0.0.tgz#2334c18e9c759f7bdd56fdef7e9ae3d588e68ed3"
    integrity sha512-vavAMRXOgBVNF6nyEEmL3DBK19iRpDcoIwW+swQ+CbGiu7lju6t+JklA1MHweoWtadgt4ISVUsXLyDq34ddcwA==
  
  strip-json-comments@^2.0.0:
    version "2.0.1"
    resolved "https://registry.yarnpkg.com/strip-json-comments/-/strip-json-comments-2.0.1.tgz#3c531942e908c2697c0ec344858c286c7ca0a60a"
    integrity sha512-4gB8na07fecVVkOI6Rs4e7T6NOTki5EmL7TUduTs6bu3EdnSycntVJ4re8kgZA+wx9IueI2Y11bfbgwtzuE0KQ==
  
  strnum@^1.0.5:
    version "1.0.5"
    resolved "https://registry.yarnpkg.com/strnum/-/strnum-1.0.5.tgz#5c4e829fe15ad4ff0d20c3db5ac97b73c9b072db"
    integrity sha512-J8bbNyKKXl5qYcR36TIO8W3mVGVHrmmxsd5PAItGkmyzwJvybiw2IVq5nqd0i4LSNSkB/sx9VHllbfFdr9k1JA==
  
  supports-preserve-symlinks-flag@^1.0.0:
    version "1.0.0"
    resolved "https://registry.yarnpkg.com/supports-preserve-symlinks-flag/-/supports-preserve-symlinks-flag-1.0.0.tgz#6eda4bd344a3c94aea376d4cc31bc77311039e09"
    integrity sha512-ot0WnXS9fgdkgIcePe6RHNk1WA8+muPa6cSjeR3V8K27q9BB1rTE3R1p7Hv0z1ZyAc8s6Vvv8DIyWf681MAt0w==
  
  to-regex-range@^5.0.1:
    version "5.0.1"
    resolved "https://registry.yarnpkg.com/to-regex-range/-/to-regex-range-5.0.1.tgz#1648c44aae7c8d988a326018ed72f5b4dd0392e4"
    integrity sha512-65P7iz6X5yEr1cwcgvQxbbIw7Uk3gOy5dIdtZ4rDveLqhrdJP+Li/Hx6tyK0NEb+2GCyneCMJiGqrADCSNk8sQ==
    dependencies:
      is-number "^7.0.0"
  
  tree-kill@^1.2.2:
    version "1.2.2"
    resolved "https://registry.yarnpkg.com/tree-kill/-/tree-kill-1.2.2.tgz#4ca09a9092c88b73a7cdc5e8a01b507b0790a0cc"
    integrity sha512-L0Orpi8qGpRG//Nd+H90vFB+3iHnue1zSSGmNOOCh1GLJ7rUKVwV2HvijphGQS2UmhUZewS9VgvxYIdgr+fG1A==
  
  ts-node-dev@^2.0.0:
    version "2.0.0"
    resolved "https://registry.yarnpkg.com/ts-node-dev/-/ts-node-dev-2.0.0.tgz#bdd53e17ab3b5d822ef519928dc6b4a7e0f13065"
    integrity sha512-ywMrhCfH6M75yftYvrvNarLEY+SUXtUvU8/0Z6llrHQVBx12GiFk5sStF8UdfE/yfzk9IAq7O5EEbTQsxlBI8w==
    dependencies:
      chokidar "^3.5.1"
      dynamic-dedupe "^0.3.0"
      minimist "^1.2.6"
      mkdirp "^1.0.4"
      resolve "^1.0.0"
      rimraf "^2.6.1"
      source-map-support "^0.5.12"
      tree-kill "^1.2.2"
      ts-node "^10.4.0"
      tsconfig "^7.0.0"
  
  ts-node@^10.4.0:
    version "10.9.1"
    resolved "https://registry.yarnpkg.com/ts-node/-/ts-node-10.9.1.tgz#e73de9102958af9e1f0b168a6ff320e25adcff4b"
    integrity sha512-NtVysVPkxxrwFGUUxGYhfux8k78pQB3JqYBXlLRZgdGUqTO5wU/UyHop5p70iEbGhB7q5KmiZiU0Y3KlJrScEw==
    dependencies:
      "@cspotcode/source-map-support" "^0.8.0"
      "@tsconfig/node10" "^1.0.7"
      "@tsconfig/node12" "^1.0.7"
      "@tsconfig/node14" "^1.0.0"
      "@tsconfig/node16" "^1.0.2"
      acorn "^8.4.1"
      acorn-walk "^8.1.1"
      arg "^4.1.0"
      create-require "^1.1.0"
      diff "^4.0.1"
      make-error "^1.1.1"
      v8-compile-cache-lib "^3.0.1"
      yn "3.1.1"
  
  tsconfig@^7.0.0:
    version "7.0.0"
    resolved "https://registry.yarnpkg.com/tsconfig/-/tsconfig-7.0.0.tgz#84538875a4dc216e5c4a5432b3a4dec3d54e91b7"
    integrity sha512-vZXmzPrL+EmC4T/4rVlT2jNVMWCi/O4DIiSj3UHg1OE5kCKbk4mfrXc6dZksLgRM/TZlKnousKH9bbTazUWRRw==
    dependencies:
      "@types/strip-bom" "^3.0.0"
      "@types/strip-json-comments" "0.0.30"
      strip-bom "^3.0.0"
      strip-json-comments "^2.0.0"
  
  tslib@^1.11.1:
    version "1.14.1"
    resolved "https://registry.yarnpkg.com/tslib/-/tslib-1.14.1.tgz#cf2d38bdc34a134bcaf1091c41f6619e2f672d00"
    integrity sha512-Xni35NKzjgMrwevysHTCArtLDpPvye8zV/0E4EyYn43P7/7qvQwPh9BGkHewbMulVntbigmcT7rdX3BNo9wRJg==
  
  tslib@^2.3.1, tslib@^2.5.0:
    version "2.6.2"
    resolved "https://registry.yarnpkg.com/tslib/-/tslib-2.6.2.tgz#703ac29425e7b37cd6fd456e92404d46d1f3e4ae"
    integrity sha512-AEYxH93jGFPn/a2iVAwW87VuUIkR1FVUKB77NwMF7nBTDkDrrT/Hpt/IrCJ0QXhW27jTBDcf5ZY7w6RiqTMw2Q==
  
  typescript@^5.2.2:
    version "5.2.2"
    resolved "https://registry.yarnpkg.com/typescript/-/typescript-5.2.2.tgz#5ebb5e5a5b75f085f22bc3f8460fba308310fa78"
    integrity sha512-mI4WrpHsbCIcwT9cF4FZvr80QUeKvsUsUvKDoR+X/7XHQH98xYD8YHZg7ANtz2GtZt/CBq2QJ0thkGJMHfqc1w==
  
  undici-types@~5.26.4:
    version "5.26.5"
    resolved "https://registry.yarnpkg.com/undici-types/-/undici-types-5.26.5.tgz#bcd539893d00b56e964fd2657a4866b221a65617"
    integrity sha512-JlCMO+ehdEIKqlFxk6IfVoAUVmgz7cU7zD/h9XZ0qzeosSHmUJVOzSQvvYSYWXkFXC+IfLKSIffhv0sVZup6pA==
  
  uuid@^8.3.2:
    version "8.3.2"
    resolved "https://registry.yarnpkg.com/uuid/-/uuid-8.3.2.tgz#80d5b5ced271bb9af6c445f21a1a04c606cefbe2"
    integrity sha512-+NYs2QeMWy+GWFOEm9xnn6HCDp0l7QBD7ml8zLUmJ+93Q5NF0NocErnwkTkXVFNiX3/fpC6afS8Dhb/gz7R7eg==
  
  v8-compile-cache-lib@^3.0.1:
    version "3.0.1"
    resolved "https://registry.yarnpkg.com/v8-compile-cache-lib/-/v8-compile-cache-lib-3.0.1.tgz#6336e8d71965cb3d35a1bbb7868445a7c05264bf"
    integrity sha512-wa7YjyUGfNZngI/vtK0UHAN+lgDCxBPCylVXGp0zu59Fz5aiGtNXaq3DhIov063MorB+VfufLh3JlF2KdTK3xg==
  
  wrappy@1:
    version "1.0.2"
    resolved "https://registry.yarnpkg.com/wrappy/-/wrappy-1.0.2.tgz#b5243d8f3ec1aa35f1364605bc0d1036e30ab69f"
    integrity sha512-l4Sp/DRseor9wL6EvV2+TuQn63dMkPjZ/sp9XkghTEbV9KlPS1xUsZ3u7/IQO4wxtcFB4bgpQPRcR3QCvezPcQ==
  
  xtend@^4.0.0:
    version "4.0.2"
    resolved "https://registry.yarnpkg.com/xtend/-/xtend-4.0.2.tgz#bb72779f5fa465186b1f438f674fa347fdb5db54"
    integrity sha512-LKYU1iAXJXUgAXn9URjiu+MWhyUXHsvfp7mcuYm9dSUKK0/CjtrUwFAxD82/mCWbtLsGjFIad0wIsod4zrTAEQ==
  
  yn@3.1.1:
    version "3.1.1"
    resolved "https://registry.yarnpkg.com/yn/-/yn-3.1.1.tgz#1e87401a09d767c1d5eab26a6e4c185182d2eb50"
    integrity sha512-Ux4ygGWsu2c7isFWe8Yu1YluJmqVhxqK2cLXNQA5AcC3QfbGNpM7fu0Y8b/z16pXLnFxZYvWhd3fhBY9DLmC6Q==
